19.90 19.99 18.40
16.71 19.17 19.99
19.99 18.86 16.50
18.24 14.38 19.98
18.99 17.62 19.97
17.23 19.98 19.42
16.50 19.97 16.79
19.98 16.57 18.77
19.58 19.96 17.62
17.29 19.71 19.96
19.97 18.32 17.83
18.50 19.95 18.03
15.14 16.06 19.95
17.43 19.18 19.94
16.53 19.94 18.76
19.64 19.93 17.46
19.96 18.09 19.31
19.95 19.91 15.69
19.94 19.64 16.18
19.93 17.87 19.17
18.63 19.92 15.23
17.32 18.88 19.93
19.92 17.57 14.74
19.20 16.93 19.92
19.91 18.13 16.75
19.80 16.90 19.91
18.31 19.90 18.66
19.01 16.61 19.90
19.52 19.89 18.62
19.89 16.67 17.81
19.88 16.60 17.94
19.87 19.88 16.20
19.86 19.42 17.14
19.85 18.02 19.35
19.84 19.87 19.72
19.83 19.11 18.73
19.81 19.86 19.49
18.82 17.86 19.89
19.82 19.60 19.63
19.79 17.98 19.77
17.99 19.85 18.23
19.07 19.84 19.04
19.78 19.34 18.98
19.77 19.04 16.48
18.18 19.83 15.74
19.76 17.30 19.38
19.48 16.40 19.88
19.75 15.47 17.44
19.74 19.30 18.24
19.73 18.84 18.65
18.86 19.46 19.87
19.41 19.82 15.49
17.02 19.81 16.78
18.47 17.34 19.86
15.45 19.80 16.06
19.72 18.40 13.85
17.28 19.79 18.30
19.43 19.78 19.73
16.52 17.28 19.85
19.71 19.14 16.09
19.67 19.56 19.84
17.36 19.77 18.72
18.65 19.76 16.90
15.74 17.99 19.83
17.68 18.95 19.82
18.58 19.09 19.81
19.25 19.47 19.80
19.70 17.42 18.86
19.69 17.94 14.79
19.38 13.15 19.79
17.09 18.22 19.78
19.68 16.68 18.13
18.25 18.71 19.76
19.66 16.86 19.69
19.65 19.48 17.69
18.06 18.23 19.75
19.63 19.52 16.49
19.62 19.50 18.18
19.61 17.70 18.88
19.60 17.76 18.12
18.72 19.32 19.74
19.59 18.63 19.06
18.75 19.75 18.83
18.73 19.74 17.85
16.97 19.73 19.57
18.41 19.23 19.71
18.45 19.72 13.16
19.57 15.06 15.72
18.90 19.70 18.50
15.99 19.69 17.74
19.31 19.68 14.10
19.56 16.79 19.07
19.55 19.12 19.41
19.40 18.81 19.70
18.55 18.38 19.68
17.17 16.72 19.67
19.54 17.88 16.47
17.08 18.67 19.66
18.00 19.02 19.65
19.53 14.73 17.40
17.71 19.67 18.84
19.51 19.61 19.46
19.50 19.43 19.14
19.04 19.66 19.25
19.49 14.18 18.48
19.47 15.49 16.12
18.43 16.12 19.64
19.46 16.33 17.56
19.45 18.64 18.49
16.70 19.65 18.45
16.34 19.63 18.91
17.66 14.72 19.62
15.70 19.62 18.89
19.17 19.59 19.13
15.78 17.05 19.61
19.44 18.16 19.45
16.66 19.58 16.52
16.04 19.22 19.60
18.14 18.41 19.59
18.54 18.42 19.58
18.91 19.57 19.15
15.98 19.55 19.36
18.48 19.21 19.56
18.81 18.58 19.55
18.15 19.54 17.53
17.81 15.91 19.54
15.32 19.53 15.75
19.15 18.20 19.53
15.87 17.84 19.52
16.28 18.29 19.51
19.42 16.11 17.78
19.14 19.51 19.28
15.35 15.01 19.50
14.03 19.06 19.48
17.76 16.29 19.47
16.56 19.49 16.81
17.93 19.45 18.29
19.39 11.77 19.30
18.40 19.44 17.77
19.37 18.52 12.52
18.12 19.41 18.16
17.39 16.48 19.44
19.36 14.28 15.27
15.80 19.40 18.95
18.13 16.65 19.43
19.10 15.98 19.40
19.23 16.37 19.39
19.35 18.14 19.34
19.34 17.60 18.05
19.24 19.39 17.88
16.99 18.55 19.37
19.33 18.07 16.60
16.94 17.53 19.33
19.32 17.46 16.40
17.87 14.93 19.32
19.30 18.98 17.95
18.26 19.38 19.21
13.94 19.37 17.87
18.22 18.61 19.29
17.98 17.59 19.27
19.05 19.36 18.06
19.29 17.40 17.20
18.64 19.35 18.96
18.02 18.01 19.26
16.39 16.23 19.24
15.95 16.97 19.23
15.50 19.33 18.41
17.78 19.31 18.99
19.28 15.57 19.12
19.27 17.10 18.57
19.26 18.25 14.61
18.96 19.29 18.01
17.58 19.28 17.73
15.60 19.27 17.30
19.22 18.72 18.67
16.76 18.59 19.22
16.48 19.26 16.07
17.84 19.25 15.86
18.62 19.24 17.28
19.21 14.82 15.50
14.63 19.20 13.79
17.51 17.92 19.20
17.21 18.66 19.19
13.60 19.19 17.50
17.19 14.06 19.18
19.19 17.32 17.71
19.18 18.94 18.38
19.16 18.83 16.24
18.16 19.16 17.29
16.27 18.60 19.16
18.76 19.15 16.54
17.04 12.49 19.11
19.13 17.06 18.15
18.88 16.82 19.10
15.02 17.07 19.09
14.90 15.05 19.08
14.65 16.42 19.05
19.12 17.78 17.43
19.11 14.45 15.79
19.09 18.06 15.03
19.08 14.64 17.39
18.04 19.13 16.57
18.44 19.10 16.55
18.94 19.08 18.94
16.65 17.20 19.03
19.06 18.68 13.28
17.49 19.07 15.68
15.56 19.05 12.65
17.59 19.03 17.96
18.71 19.01 18.32
15.41 17.67 19.02
15.46 18.03 19.01
14.39 19.00 15.64
18.84 18.99 15.98
19.03 18.74 17.59
16.11 18.97 17.17
19.02 18.93 18.93
16.43 18.96 15.38
19.00 16.83 16.34
14.81 16.25 19.00
18.98 14.27 16.95
14.49 18.92 14.17
18.97 17.39 15.55
11.42 16.88 18.97
15.85 18.91 16.58
17.30 18.43 18.92
18.95 17.61 17.91
18.42 18.27 18.90
18.51 16.04 18.87
18.93 17.75 17.36
17.38 18.90 16.22
18.92 18.36 13.27
15.68 13.79 18.85
14.28 18.89 16.62
15.73 18.87 15.35
15.24 13.26 18.82
18.09 16.35 18.81
16.13 17.17 18.80
16.49 18.85 18.44
18.49 18.82 17.05
18.33 18.80 16.80
18.89 17.90 16.83
18.46 18.79 14.92
18.87 14.44 15.19
15.91 17.83 18.79
12.87 18.78 15.01
16.64 18.77 17.35
13.33 17.55 18.78
18.85 16.15 14.86
18.83 13.22 15.70
17.55 18.76 18.35
18.05 12.46 18.75
16.88 18.75 16.51
18.80 17.45 18.74
15.03 18.73 16.64
14.22 16.81 18.71
18.79 16.58 12.77
14.02 18.70 18.14
18.78 14.07 14.84
18.77 16.98 18.69
16.63 17.15 18.70
17.62 12.10 18.68
18.74 14.96 15.61
16.19 16.27 18.64
15.67 15.89 18.63
16.68 18.44 18.61
17.89 18.69 17.75
18.52 18.65 18.27
18.30 17.85 18.60
17.74 15.55 18.59
18.70 13.75 13.03
18.60 15.21 18.58
14.00 18.62 17.82
15.38 16.71 18.56
18.69 17.89 18.37
13.93 18.57 14.15
17.83 17.50 18.55
18.68 15.30 16.97
14.34 17.09 18.54
16.75 15.81 18.53
17.24 18.56 17.19
16.62 18.45 18.52
13.49 18.54 13.38
18.67 17.03 18.34
12.66 18.53 17.65
16.25 18.51 18.08
16.08 13.04 18.51
18.66 16.24 17.38
17.97 18.50 16.76
18.61 14.36 16.63
14.16 16.80 18.47
18.56 18.49 17.47
18.59 16.55 16.00
18.57 17.02 15.40
18.53 13.39 14.56
18.39 16.46 16.77
18.38 16.51 17.48
16.10 18.48 18.46
17.57 18.47 16.93
17.54 16.38 18.43
14.08 13.91 18.42
16.07 16.64 18.39
18.37 18.28 17.76
17.50 17.27 18.36
16.51 16.41 18.33
16.82 13.48 18.31
18.36 15.97 15.26
16.61 18.46 16.28
18.35 14.94 12.19
18.34 15.90 14.41
14.73 18.39 17.55
15.01 18.37 15.59
18.32 15.07 15.41
18.29 16.78 16.35
15.13 15.25 18.28
18.28 13.72 17.00
18.27 16.84 17.13
14.75 18.35 16.21
18.23 16.73 18.26
15.07 18.34 15.80
18.21 15.54 14.51
18.20 13.85 14.57
17.63 15.50 18.25
14.56 18.33 16.92
18.11 18.31 14.63
18.19 18.10 14.64
18.17 14.53 13.57
18.10 16.05 15.29
15.59 15.82 18.22
17.35 18.30 16.31
14.53 17.04 18.21
18.08 17.82 16.88
15.09 17.12 18.20
16.46 17.95 18.19
16.06 17.79 18.17
17.61 16.85 18.11
18.07 16.54 17.32
14.38 14.80 18.10
16.20 16.50 18.09
18.03 16.49 16.86
16.22 14.54 18.07
18.01 14.55 14.69
17.96 18.26 17.26
15.36 15.60 18.04
17.79 18.24 17.80
11.15 15.63 18.02
17.95 14.59 15.44
17.67 18.21 16.65
16.24 15.59 18.00
17.94 15.45 13.80
17.92 15.73 14.09
17.91 16.92 14.85
17.90 12.52 14.08
17.88 16.17 17.72
17.86 17.72 14.03
15.94 18.19 17.68
17.18 18.18 15.06
17.70 18.17 17.90
17.85 15.75 17.09
17.82 11.40 13.17
16.02 18.15 17.02
14.19 15.65 17.99
17.80 14.51 16.11
15.25 18.12 17.66
12.79 13.55 17.98
16.16 16.96 17.97
17.77 16.75 17.41
17.75 16.59 14.20
17.41 18.11 14.59
17.73 16.00 14.91
14.04 14.25 17.93
17.72 16.99 13.82
17.69 18.08 15.39
15.28 15.95 17.92
16.37 18.05 16.69
14.79 12.41 17.89
17.65 14.08 16.96
15.57 18.04 15.65
15.11 14.15 17.86
17.52 18.00 14.39
15.84 17.24 17.84
13.03 15.87 17.79
17.64 12.61 14.30
15.10 17.97 16.45
17.60 11.57 17.51
13.56 17.96 16.41
17.25 17.93 17.57
12.83 17.91 15.34
15.29 15.71 17.70
17.56 14.86 15.32
17.53 15.46 15.37
17.48 13.73 17.67
16.30 17.81 15.54
17.26 12.72 17.64
17.47 13.24 17.06
16.79 17.23 17.63
17.46 16.02 16.53
11.17 16.69 17.61
17.45 14.30 17.07
17.44 15.27 15.53
17.42 16.62 17.01
16.78 17.80 16.87
17.40 16.76 14.93
17.37 11.03 13.64
16.15 17.77 15.33
17.34 17.74 14.38
13.34 15.70 17.60
16.32 17.73 17.42
17.33 17.71 17.08
17.31 17.69 15.21
17.27 15.88 14.27
15.66 16.08 17.58
15.48 17.68 13.52
13.90 17.66 13.12
17.22 17.26 15.87
16.67 17.65 15.95
15.04 17.49 17.54
16.09 17.64 15.82
12.78 17.63 17.52
14.89 13.21 17.49
13.98 11.74 17.45
14.43 16.47 17.37
15.97 17.58 13.98
14.06 17.56 14.73
17.20 12.80 14.32
17.16 15.16 15.08
17.15 13.31 16.91
16.77 17.54 12.54
16.47 14.01 17.34
17.14 10.80 16.82
17.13 13.64 15.13
16.89 14.78 17.33
17.12 14.20 16.85
17.11 17.19 16.84
12.55 12.60 17.31
16.69 17.52 13.76
15.93 14.71 17.27
15.30 17.51 16.66
16.00 17.48 17.25
16.57 17.47 14.94
16.98 16.09 17.24
14.10 17.44 16.99
17.10 11.87 13.13
17.07 15.40 15.15
17.06 17.22 14.37
15.27 17.43 14.33
17.05 16.43 17.21
17.03 13.01 13.29
17.01 15.85 15.16
15.52 17.41 14.14
16.40 17.38 16.23
17.00 16.18 13.15
14.01 15.83 17.23
13.50 17.37 16.56
16.96 11.23 11.54
13.96 17.36 12.05
16.87 13.57 17.22
15.26 17.35 17.11
16.95 15.78 15.28
16.93 15.10 16.19
11.20 16.53 17.18
15.39 17.33 13.09
14.92 17.31 14.36
16.92 14.49 14.65
16.55 13.87 17.16
16.05 17.21 17.15
13.48 17.29 11.82
16.91 16.74 16.72
15.79 17.25 16.98
16.90 17.13 13.14
14.82 14.52 17.12
16.86 12.73 14.05
14.61 12.81 17.10
15.44 17.18 15.67
16.85 14.97 13.61
16.84 12.86 13.74
16.83 12.29 16.04
16.81 17.16 12.39
13.42 12.63 17.04
13.18 13.38 17.03
16.80 12.11 13.41
14.55 17.14 14.12
16.74 13.13 13.93
13.89 17.11 15.57
14.27 17.08 15.52
13.97 17.01 15.85
12.98 13.61 16.94
16.18 16.66 16.89
16.73 14.05 14.95
13.75 17.00 15.46
13.86 16.95 14.00
13.76 13.08 16.74
16.72 11.98 14.25
13.01 16.94 11.70
13.73 16.91 13.36
16.60 11.93 16.02
13.84 16.89 11.10
15.63 12.93 16.73
14.30 16.87 16.71
15.71 16.77 11.43
15.54 16.70 15.25
13.82 12.45 16.70
14.17 14.26 16.68
16.59 16.63 13.69
15.69 16.56 16.10
14.97 16.52 14.78
15.62 11.83 16.67
12.93 16.14 16.61
13.25 11.51 16.59
12.47 14.10 16.46
15.05 16.45 14.60
15.86 16.44 16.36
15.47 16.39 15.47
16.36 16.36 14.54
12.39 14.03 16.44
16.58 16.34 15.63
16.54 14.16 13.05
11.57 11.14 16.43
16.45 15.04 14.68
16.44 14.00 16.42
16.42 13.93 15.48
15.40 16.32 13.86
14.98 16.31 14.22
15.00 14.29 16.39
16.41 13.80 12.28
11.90 14.14 16.38
11.38 16.30 15.02
16.38 13.77 16.30
16.35 15.09 14.97
15.76 13.95 16.37
15.16 13.19 16.33
16.33 14.98 16.32
13.20 12.38 16.29
10.79 16.28 12.21
16.31 14.41 16.27
16.29 13.53 13.39
11.83 16.26 13.24
14.72 16.22 11.01
11.62 16.21 13.21
16.26 14.22 16.26
13.66 15.41 16.25
16.23 13.00 13.40
14.83 10.72 16.17
14.09 15.79 16.16
14.29 16.20 16.03
14.68 12.24 16.15
14.11 16.19 14.47
16.21 15.15 13.07
16.17 13.90 16.14
16.01 11.11 16.13
12.89 16.16 16.08
10.97 14.87 16.05
15.64 16.13 13.23
13.71 16.10 14.52
15.77 16.07 12.80
10.67 16.03 13.72
16.14 12.04 14.04
16.12 14.68 16.01
12.70 16.01 12.36
14.93 15.86 15.99
11.88 15.99 13.47
16.03 15.96 13.77
15.96 11.30 11.33
11.48 15.94 15.88
15.92 15.93 10.15
14.45 15.92 15.20
15.90 14.60 14.89
12.75 15.84 15.97
15.89 15.80 11.89
15.88 15.77 15.62
15.83 15.76 13.97
13.78 15.74 13.67
13.44 15.72 11.81
10.37 15.69 15.96
12.36 11.76 15.94
15.81 13.40 15.93
12.28 15.68 10.12
14.31 15.67 14.31
15.82 15.58 13.44
14.12 15.66 13.71
10.50 13.17 15.92
15.75 15.64 15.30
15.72 13.69 13.06
13.14 15.62 15.91
15.65 12.89 11.61
15.61 13.32 15.90
10.47 11.56 15.89
15.58 15.61 14.49
15.55 13.54 15.84
13.88 15.56 12.78
15.06 15.53 15.83
12.69 15.52 15.81
15.53 12.70 12.34
13.58 15.19 15.78
14.74 13.10 15.77
14.59 13.44 15.76
15.51 11.55 14.50
15.49 15.51 14.35
15.43 12.27 15.00
12.85 15.48 15.22
15.42 13.59 12.76
15.37 15.44 12.90
15.34 12.40 14.23
14.69 12.71 15.73
14.99 12.37 15.71
13.07 15.43 15.66
15.33 13.71 15.05
14.14 15.42 15.60
15.31 14.76 11.38
12.23 15.23 15.58
13.72 14.61 15.56
12.06 15.39 11.69
10.72 11.44 15.51
11.86 12.74 15.45
12.61 15.22 15.43
10.88 15.38 15.42
12.82 15.37 14.98
15.23 12.23 14.67
13.32 15.36 12.22
11.54 14.90 15.36
15.22 12.44 11.84
14.66 15.35 11.63
14.42 11.92 15.31
15.15 15.34 13.00
15.21 14.19 12.89
12.31 14.17 15.24
10.56 13.35 15.18
12.71 12.90 15.17
15.20 15.31 13.58
13.04 14.24 15.14
13.40 15.33 15.12
10.76 15.32 15.04
14.47 15.29 14.40
12.08 11.20 15.11
15.19 14.83 13.92
14.13 15.28 12.85
15.18 12.02 15.10
15.17 11.97 15.09
13.09 14.13 15.07
10.59 12.58 14.99
12.74 15.26 14.96
11.89 14.65 14.90
15.12 14.09 12.82
15.08 10.33 13.42
13.61 15.24 10.62
14.96 13.86 12.00
14.95 10.22 12.26
14.94 15.20 10.88
11.45 15.18 11.95
13.47 15.17 12.07
12.42 15.14 14.88
14.91 13.50 13.62
14.05 15.13 10.02
14.88 11.36 11.92
14.87 10.59 14.87
13.45 13.99 14.83
14.86 14.66 13.49
14.85 15.12 13.63
14.84 14.23 11.15
14.80 15.11 11.17
13.57 11.91 14.82
14.51 15.08 14.81
14.78 14.42 13.83
13.70 13.74 14.80
14.77 12.34 14.77
10.98 15.03 14.76
14.50 10.77 14.75
12.84 14.99 14.72
14.76 14.95 12.86
11.76 15.02 12.92
14.71 11.32 14.71
14.70 15.00 10.05
14.67 11.75 12.37
14.64 14.92 14.34
10.57 10.95 14.70
14.21 11.53 14.66
14.62 11.29 11.32
11.39 14.91 14.62
14.60 14.34 14.58
14.58 11.47 12.94
14.57 12.65 11.58
11.13 13.63 14.55
11.11 11.34 14.53
14.54 14.89 14.46
13.11 14.88 10.42
13.91 14.85 13.91
14.52 14.84 12.13
13.00 14.81 14.01
13.64 11.46 14.48
14.48 14.79 12.63
14.46 14.77 13.11
12.45 14.75 13.88
13.30 13.52 14.45
14.44 13.45 12.18
13.53 12.84 14.44
13.51 12.09 14.43
14.41 13.33 14.42
12.62 14.74 12.43
13.99 14.70 10.39
12.09 10.31 14.29
14.40 14.69 11.37
10.10 14.50 14.28
14.37 12.21 12.56
14.36 13.65 14.06
12.86 11.08 14.26
11.93 14.67 14.24
14.35 14.56 14.07
14.33 13.28 10.70
10.23 12.15 14.21
12.76 14.63 14.19
14.32 14.62 14.18
10.69 10.97 14.16
13.36 14.58 11.00
14.26 10.36 14.13
11.32 14.57 14.11
10.83 14.48 13.78
12.40 10.16 14.02
11.84 14.47 12.11
11.41 13.25 13.99
14.25 12.69 10.07
13.27 14.46 13.96
14.24 12.82 12.87
14.23 14.43 11.83
11.46 14.40 11.07
10.30 14.11 13.95
10.02 14.39 13.94
11.92 14.37 13.90
12.07 14.35 10.89
11.85 14.33 13.89
12.50 14.32 13.87
12.96 14.31 12.68
14.20 10.81 10.08
11.97 14.21 13.54
10.38 10.12 13.84
12.27 12.47 13.81
14.18 14.12 11.96
13.28 14.04 13.60
11.08 14.02 10.23
10.62 11.21 13.75
11.64 12.42 13.73
14.15 10.13 13.31
14.07 13.98 10.35
11.98 11.13 13.70
11.40 13.97 13.68
13.95 13.34 11.71
13.92 12.22 13.66
10.45 13.96 12.62
13.87 13.94 12.25
13.85 13.20 11.74
13.83 10.18 13.65
10.20 13.92 11.45
13.55 13.89 12.45
12.59 13.88 13.59
12.56 10.11 13.56
13.81 13.84 11.21
13.80 13.83 11.76
11.81 13.82 13.55
13.79 13.81 11.39
13.29 13.78 11.67
12.92 13.76 13.53
10.25 13.84 13.51
12.02 13.70 10.16
11.69 13.68 12.35
12.18 13.67 13.50
13.77 13.66 12.30
12.15 13.62 12.91
12.53 11.43 13.48
12.37 12.66 13.46
13.74 13.60 11.05
13.41 13.58 12.49
10.75 13.56 13.45
13.17 13.51 11.62
13.69 13.49 11.40
10.93 11.17 13.43
13.23 12.22 13.37
12.24 10.40 13.35
13.68 13.47 10.26
13.24 13.46 13.22
13.67 12.96 13.34
13.65 11.90 13.33
13.63 12.39 12.73
13.62 13.43 12.67
13.59 10.93 13.32
12.54 13.42 13.30
10.51 13.41 13.26
13.54 13.16 13.25
13.52 10.29 11.79
10.87 13.37 13.20
13.46 12.31 12.09
13.43 13.36 11.76
10.63 13.30 10.29
13.39 12.59 12.27
11.02 12.19 13.19
13.24 13.29 12.01
13.38 13.27 13.01
13.37 11.02 13.18
13.37 13.23 12.47
13.35 10.53 10.48
10.75 13.18 11.77
10.12 13.14 10.24
13.31 10.27 12.88
13.26 10.88 12.79
13.22 13.12 11.53
13.13 13.11 13.10
13.21 12.64 12.12
12.41 10.74 13.08
13.19 12.33 10.03
11.67 13.09 13.04
12.90 13.07 10.18
13.16 13.06 11.41
13.31 13.05 13.02
11.21 13.03 10.33
13.15 11.71 10.22
10.78 13.02 12.99
11.66 12.99 12.98
13.12 10.47 13.43
13.10 10.82 10.03
12.91 11.04 12.97
13.08 10.71 11.09
10.09 12.08 12.96
13.06 12.98 11.23
10.32 12.97 12.61
10.39 12.95 12.17
11.73 12.94 10.83
13.05 12.92 11.24
13.02 12.16 12.24
11.00 11.24 12.95
12.99 12.91 11.97
12.97 12.88 10.31
12.95 12.87 11.50
12.94 11.15 12.93
12.88 12.79 11.49
12.81 12.85 12.81
12.80 12.83 12.74
13.05 12.01 12.84
10.99 12.78 12.83
12.77 12.77 11.11
12.73 10.85 12.59
12.72 12.87 12.75
12.68 12.76 10.11
10.04 11.37 12.72
12.21 11.89 12.71
12.67 10.65 10.95
12.65 10.09 12.70
10.95 12.75 11.52
12.64 12.36 12.69
10.01 12.68 12.66
12.63 12.67 10.49
10.73 12.62 10.50
12.60 12.99 12.33
11.19 12.57 12.64
10.42 11.62 12.60
12.58 11.28 12.58
12.57 10.30 12.57
13.59 12.56 12.73
12.52 12.55 10.85
10.24 12.54 10.49
12.51 11.99 12.15
12.43 12.53 11.14
12.49 12.51 12.10
12.48 12.50 10.55
10.85 12.48 11.73
12.46 12.43 13.04
12.44 11.69 12.55
12.38 12.28 12.53
10.77 12.35 12.51
12.35 11.63 12.50
12.10 12.32 10.77
13.95 11.79 12.48
10.78 12.30 12.46
12.34 12.26 11.27
12.56 12.25 10.79
12.64 12.20 12.44
12.33 13.34 12.42
12.32 10.64 12.41
12.60 12.18 12.40
12.11 12.13 12.38
12.30 10.34 12.32
12.29 12.17 12.31
12.26 13.37 11.66
12.25 13.94 12.29
12.22 12.14 12.23
12.20 12.12 10.47
12.19 11.67 12.20
11.22 12.07 12.16
12.56 12.06 12.14
11.33 12.05 12.08
12.17 13.09 12.06
12.16 10.45 12.04
11.71 10.35 12.03
12.14 12.03 10.59
11.10 12.00 12.02
12.13 11.96 11.99
12.12 11.95 13.25
12.05 11.09 12.50
11.52 11.94 12.73
12.04 11.88 11.18
10.35 10.71 11.98
12.03 11.86 10.10
12.01 11.85 11.51
12.00 11.79 11.75
11.99 11.61 11.94
11.25 11.84 11.14
10.86 11.82 13.04
10.52 11.81 11.93
11.96 10.44 11.59
11.78 11.80 11.91
11.95 10.34 12.31
10.55 11.78 11.90
11.94 11.86 10.91
11.91 11.06 11.98
11.87 10.40 11.65
10.07 11.73 10.68
10.48 11.72 11.88
11.82 11.59 11.87
11.80 11.90 11.86
11.79 10.94 12.44
11.77 10.06 10.94
10.61 11.68 13.51
11.75 12.76 12.99
11.74 12.77 11.80
11.72 10.84 11.85
11.70 11.66 11.78
11.68 11.65 11.62
10.89 11.64 11.94
11.65 12.62 11.72
11.63 13.18 11.68
12.94 11.82 11.64
10.49 11.60 11.11
11.61 12.25 11.42
11.60 11.58 12.44
11.59 10.06 11.60
11.58 11.10 11.57
11.56 13.68 11.56
12.52 11.54 10.53
11.55 10.66 11.55
11.53 11.52 10.81
11.51 11.07 12.47
12.13 11.50 11.48
10.85 11.49 11.47
13.83 11.48 11.46
11.96 10.44 11.44
11.50 12.91 11.36
11.49 11.45 11.35
10.05 11.42 11.34
11.43 11.39 11.31
11.37 10.84 11.30
11.36 11.41 13.04
11.35 11.38 10.28
11.34 10.11 11.28
11.31 10.46 11.26
13.85 11.35 11.25
11.30 11.18 11.22
11.29 11.54 10.69
10.94 11.33 11.20
11.28 11.31 10.51
11.27 11.27 12.50
10.15 11.26 11.19
11.26 11.25 10.21
13.08 11.22 12.96
12.52 11.16 10.53
11.24 11.12 11.13
11.23 11.01 11.64
11.18 10.76 11.08
11.16 11.00 12.14
10.35 10.99 10.72
11.14 10.98 10.19
11.12 12.43 11.06
11.09 10.91 10.94
11.91 10.90 11.04
11.07 10.92 11.03
11.06 10.58 11.02
11.05 11.37 10.56
11.04 10.87 10.47
13.35 10.86 10.98
11.01 11.43 10.96
10.96 10.78 12.29
10.18 11.45 10.93
10.92 10.75 10.92
13.23 10.73 10.90
12.13 10.69 10.57
10.84 13.30 10.86
10.81 10.67 12.02
12.05 10.60 10.75
10.80 10.57 10.73
10.71 10.51 10.71
10.70 10.50 12.55
12.91 10.49 10.67
10.66 12.99 11.08
10.64 11.90 11.29
11.50 10.42 10.82
10.54 13.83 10.66
10.53 10.61 10.64
12.88 10.41 12.20
10.36 11.07 10.28
10.34 13.34 10.63
12.05 10.79 10.61
10.31 10.39 10.76
10.21 10.32 10.34
10.89 10.15 10.13
