182.64 299.76 117.65
199.32 195.75 299.92
299.94 276.93 156.32
299.44 230.87 217.02
299.35 113.90 263.52
299.25 140.43 198.89
204.38 159.41 299.37
299.23 271.76 243.53
233.59 299.72 224.33
200.99 299.61 204.88
242.11 284.15 299.36
299.12 131.64 177.51
184.44 147.74 299.15
242.80 299.58 162.79
298.84 135.61 172.56
178.23 299.38 127.91
298.71 164.96 223.02
298.55 194.08 151.59
214.09 212.01 298.95
298.47 185.01 293.65
132.54 158.77 298.87
224.84 240.27 298.75
238.92 299.29 297.26
298.07 252.99 124.81
298.03 296.90 262.95
297.86 205.84 275.78
117.90 299.23 226.37
297.81 128.02 223.96
229.24 298.95 164.55
187.54 298.92 211.36
297.40 277.65 195.89
297.27 169.08 105.95
288.36 248.31 298.47
296.93 128.59 187.00
219.81 279.83 298.45
274.51 184.15 298.35
105.01 298.13 107.64
225.16 246.36 298.29
296.77 257.84 248.69
296.66 256.05 230.20
196.47 297.92 218.36
213.08 297.87 137.37
296.64 116.65 155.07
249.96 116.72 298.22
296.40 143.53 258.21
294.25 169.44 298.20
232.68 297.49 257.85
155.21 197.57 297.76
126.95 280.87 297.60
296.14 297.46 100.09
194.07 113.38 296.36
157.96 220.72 296.29
271.31 297.07 282.76
110.00 149.93 296.11
140.04 296.60 268.51
149.31 200.27 296.01
296.05 198.54 294.19
295.97 133.09 105.82
229.44 296.17 188.61
295.86 243.98 266.48
295.62 185.07 245.00
259.30 296.15 217.31
268.20 296.05 110.56
273.46 295.72 216.80
295.29 165.99 176.49
137.26 295.40 267.21
229.60 295.39 129.71
295.26 170.02 248.95
185.29 150.84 295.84
141.13 295.24 268.21
294.87 164.83 294.53
173.73 295.22 169.99
294.74 216.68 291.96
206.56 215.75 295.05
149.06 131.04 294.81
138.99 218.44 294.79
259.46 148.37 294.46
112.05 294.81 167.73
281.25 294.44 273.94
215.71 217.03 294.39
115.80 294.42 196.85
155.26 141.87 294.28
294.73 109.30 279.25
294.67 280.09 152.17
254.98 227.28 294.18
107.07 294.37 107.55
294.50 208.07 214.61
135.07 294.29 170.89
154.00 197.47 294.12
294.45 216.81 289.44
294.37 258.69 188.58
294.33 293.34 137.56
250.21 160.30 294.10
244.82 148.55 293.72
132.26 293.84 112.86
294.20 199.42 157.97
293.93 151.02 235.45
180.46 293.71 243.86
117.06 162.37 293.29
245.80 191.11 293.05
293.83 190.90 118.58
215.74 293.67 287.46
293.66 212.74 226.20
172.34 293.56 158.93
166.31 286.40 292.77
293.65 208.61 175.80
199.40 275.76 292.49
148.55 293.53 168.88
226.15 293.41 202.60
170.02 197.82 292.29
163.27 293.25 161.76
167.23 293.23 289.94
293.47 143.60 119.01
260.91 198.45 292.17
293.00 115.27 125.64
253.62 218.15 292.13
292.88 157.69 149.76
205.27 293.14 213.43
274.32 293.11 190.70
270.78 293.05 132.03
248.41 292.85 133.44
292.84 287.12 171.21
292.36 244.20 263.51
231.04 179.19 292.07
263.13 261.23 291.67
291.94 126.13 146.96
164.12 164.52 291.31
291.71 220.82 270.12
229.89 176.07 291.24
175.90 292.70 255.80
291.58 229.04 235.70
164.63 122.56 291.01
290.75 147.92 131.93
267.91 155.55 290.98
199.76 292.57 133.25
119.48 292.26 110.00
277.58 292.09 181.59
161.60 286.30 290.73
290.38 120.38 287.97
111.43 291.88 247.90
201.15 291.85 281.18
290.32 201.20 212.91
239.70 291.53 207.87
193.78 135.63 290.58
159.38 290.89 149.52
126.85 133.99 289.71
149.37 172.97 289.68
165.94 241.20 289.49
211.84 136.06 289.21
290.28 220.99 209.10
279.23 290.71 269.03
289.99 162.73 114.95
289.93 163.56 272.68
225.71 230.28 289.00
289.35 170.55 264.34
190.64 290.24 248.33
129.67 290.13 263.08
220.74 289.83 149.74
177.61 235.62 288.93
220.97 289.48 278.03
288.86 183.48 116.04
130.13 239.29 288.88
245.14 289.44 175.05
274.21 209.32 288.54
199.84 271.65 288.10
117.47 209.42 288.08
167.31 250.11 287.82
238.10 179.96 287.37
288.51 108.20 163.92
288.15 113.18 255.56
288.01 253.52 269.14
287.91 170.66 221.26
214.21 221.76 286.64
287.75 150.46 209.86
287.66 180.27 273.81
115.68 289.08 204.04
131.09 279.29 286.39
207.13 243.28 286.30
239.90 288.76 141.00
253.47 288.58 182.63
236.17 288.44 196.89
287.64 155.26 147.56
151.53 256.88 286.29
174.38 165.23 285.99
286.52 288.22 121.81
287.42 283.89 126.54
151.88 246.95 285.97
167.29 122.63 285.12
286.93 132.08 144.33
286.53 210.83 187.40
194.30 287.95 178.56
277.55 287.92 197.34
106.08 287.91 245.25
286.27 150.79 185.06
152.73 217.61 285.10
286.07 132.10 253.50
111.53 109.11 284.81
241.54 287.84 137.97
285.87 121.65 181.70
192.33 124.54 284.67
125.36 244.46 284.55
285.78 117.35 240.98
223.99 226.57 283.84
285.67 264.19 113.94
140.52 287.42 214.81
134.02 114.88 283.73
171.68 287.18 232.30
133.23 108.71 283.51
176.66 286.75 121.23
285.14 286.70 154.29
250.50 286.66 170.48
285.47 147.44 104.55
133.22 286.38 158.53
261.25 286.34 168.09
285.34 116.05 235.71
106.25 256.16 283.13
232.72 142.37 283.07
283.95 277.97 242.15
183.79 259.26 282.56
283.02 194.25 101.69
282.82 247.68 136.30
235.06 113.40 281.91
240.17 286.11 248.48
173.46 286.06 239.82
110.20 224.29 281.87
218.36 285.98 214.68
185.09 168.95 281.86
226.61 197.30 281.71
158.60 285.91 120.45
207.87 261.02 281.62
237.67 216.83 281.54
282.81 138.48 238.10
165.04 285.77 217.88
234.72 285.75 209.89
169.47 104.86 281.51
219.77 185.97 281.45
282.67 133.89 121.18
244.80 285.50 280.37
282.66 260.42 254.75
183.75 285.04 193.10
282.58 222.46 113.61
143.04 284.55 119.95
236.30 210.12 281.39
237.83 273.94 281.24
222.84 244.29 281.09
164.45 284.54 210.17
116.53 182.42 280.88
198.14 222.07 280.82
282.57 284.00 133.59
200.41 269.88 280.59
159.80 283.85 196.17
282.56 197.80 219.96
282.47 228.96 228.42
282.05 199.63 146.93
281.86 247.36 253.59
127.42 173.41 280.40
203.85 283.82 180.37
281.76 202.13 280.10
184.71 253.08 279.75
281.49 203.27 241.75
182.93 283.69 139.21
281.44 281.14 134.34
280.82 227.93 239.77
280.47 104.03 170.17
280.33 251.16 163.88
109.30 283.51 107.68
121.10 283.42 120.53
219.89 283.18 219.09
272.35 215.76 279.70
149.04 141.83 279.30
191.34 282.95 206.11
251.90 282.68 181.34
142.15 220.28 279.09
280.26 127.46 114.99
246.67 282.59 167.47
230.14 153.36 279.07
159.22 139.67 278.45
229.30 192.57 277.71
238.27 282.32 262.38
223.72 281.68 176.00
226.87 281.45 261.11
253.43 281.43 252.32
221.60 281.23 268.56
124.76 281.11 119.82
156.25 281.08 183.87
177.81 156.26 277.68
280.01 106.21 176.55
223.94 215.70 277.38
245.85 281.05 261.76
228.23 280.99 104.65
112.85 280.30 259.38
116.35 280.19 237.24
219.69 116.37 277.33
184.14 279.98 111.57
261.91 276.36 277.28
211.22 279.54 224.28
146.48 131.34 277.24
175.37 279.33 228.79
183.10 228.14 277.21
279.47 122.87 275.74
164.91 279.11 237.44
254.23 278.99 159.97
169.98 170.21 276.85
116.55 278.97 125.31
279.26 262.65 115.99
263.27 278.84 183.40
278.88 250.49 209.07
278.82 238.37 251.07
136.71 144.90 276.67
236.16 196.66 276.39
278.67 155.81 184.80
278.19 215.50 234.96
218.05 172.44 276.35
188.84 278.81 253.90
146.26 278.73 244.10
191.77 186.34 276.25
154.66 171.57 276.06
277.70 272.31 110.88
216.09 278.65 210.38
277.69 171.66 230.41
150.20 278.22 153.50
116.31 277.76 204.98
165.16 276.25 221.29
250.42 275.37 102.00
131.35 143.10 275.67
271.34 122.30 275.64
246.19 147.85 275.51
277.68 156.19 265.13
276.96 239.94 135.36
193.37 238.21 275.09
204.14 275.00 206.21
276.94 113.10 152.74
276.33 182.36 119.53
220.79 225.01 275.04
170.39 187.79 275.00
204.79 274.97 198.30
163.79 274.42 154.12
267.15 273.96 212.93
199.06 273.95 150.42
263.03 168.37 274.12
276.25 167.81 199.53
191.85 273.70 236.18
193.75 118.16 274.04
110.23 273.62 233.82
129.73 273.61 251.42
276.00 240.33 156.18
275.96 245.42 204.15
259.43 176.03 273.90
134.51 273.47 226.00
256.37 154.92 273.03
263.06 273.36 122.12
275.35 169.42 263.22
275.27 183.66 178.68
204.09 156.52 272.78
274.84 268.85 142.57
274.72 146.44 238.94
122.62 143.11 272.60
265.46 131.67 271.82
172.42 273.27 225.24
253.35 198.87 271.77
205.09 273.26 130.35
141.81 272.80 158.82
212.92 227.64 271.69
165.91 135.05 271.48
274.62 171.15 153.31
161.66 185.26 271.46
209.51 272.64 266.05
164.38 271.33 108.39
146.57 181.78 271.28
234.78 137.57 271.25
274.24 224.68 270.83
177.26 198.39 271.20
240.90 271.00 183.38
148.83 231.58 271.09
269.11 254.25 270.72
274.16 254.66 152.18
108.01 248.85 270.53
174.11 159.57 270.42
230.07 270.99 128.32
274.05 142.48 155.11
274.03 131.55 173.69
172.58 130.96 270.35
163.88 234.23 269.04
167.93 214.95 268.99
180.45 155.40 268.80
273.39 155.35 181.73
138.85 270.91 196.70
247.10 269.73 223.68
234.06 269.63 241.80
161.68 158.88 268.64
272.60 163.70 228.03
237.74 137.71 268.44
272.13 247.53 264.80
258.64 269.55 176.14
271.80 257.48 265.82
211.91 163.66 267.95
267.42 178.79 266.58
186.15 229.55 266.29
271.73 250.73 188.66
271.15 142.09 201.83
121.46 206.77 266.09
270.75 167.36 199.57
105.02 225.18 265.88
270.74 189.71 251.11
109.91 213.76 265.83
270.31 213.93 130.44
126.14 133.05 265.79
270.05 233.00 137.30
270.02 267.98 257.83
114.49 269.18 263.53
182.04 239.50 265.57
270.01 182.93 141.08
228.87 124.76 265.44
118.95 253.92 265.34
233.87 162.30 264.72
167.64 269.17 218.60
261.06 268.73 261.62
269.94 163.77 164.78
269.65 253.24 165.16
168.18 268.58 201.12
224.41 268.22 145.82
264.48 267.70 181.00
269.53 120.39 143.77
214.60 163.87 264.68
269.09 163.84 151.28
269.02 242.86 155.88
232.39 105.89 264.29
268.80 103.58 236.25
268.79 194.49 262.82
176.05 267.48 140.29
231.92 267.31 205.02
136.52 266.95 181.07
268.69 211.49 168.03
268.61 212.17 112.16
230.86 266.84 225.15
168.85 266.73 119.45
147.29 266.37 256.21
268.16 180.03 196.38
214.76 266.01 234.48
139.63 265.88 171.11
118.46 265.82 207.82
268.06 151.99 185.99
164.76 265.64 143.11
265.89 160.27 264.18
254.14 231.47 263.97
255.21 122.61 263.73
145.85 265.56 207.47
267.35 147.09 170.40
143.76 265.04 219.65
266.94 240.95 124.07
266.91 238.17 129.83
186.19 264.57 119.68
231.21 264.38 116.63
258.44 120.28 263.68
266.31 127.09 241.59
219.40 263.74 134.28
185.37 133.81 263.38
266.05 199.86 206.77
161.75 263.71 131.61
163.03 263.70 184.28
265.86 131.66 155.17
183.39 102.66 262.84
255.31 263.53 144.74
203.39 263.42 160.35
265.34 238.89 195.04
185.47 139.11 262.36
265.21 147.11 174.70
264.60 156.23 109.64
243.18 262.74 171.40
212.26 262.68 155.63
264.23 199.60 234.58
119.80 240.64 261.97
255.23 131.26 261.68
161.34 206.81 261.44
263.66 140.58 201.00
167.13 174.11 260.91
199.94 262.59 229.18
248.27 220.36 260.90
249.90 262.47 196.99
263.56 189.79 138.27
115.53 261.99 120.38
263.54 234.96 254.87
184.06 261.39 182.66
167.47 261.10 106.32
119.99 260.71 178.78
190.63 177.12 260.74
259.61 212.94 260.72
263.51 104.68 222.97
137.51 122.51 260.69
263.48 183.98 188.38
137.95 199.13 260.54
108.39 203.89 260.51
263.23 259.00 203.67
120.53 232.18 260.17
104.92 260.41 111.96
199.26 259.95 199.11
112.57 259.88 230.84
262.89 123.92 175.56
262.73 214.21 258.91
262.21 143.25 191.56
262.12 223.13 127.84
206.93 181.44 260.07
261.89 239.02 112.65
261.63 239.41 213.52
261.55 224.70 228.13
190.60 181.92 259.06
129.22 244.75 258.85
261.26 129.87 181.91
260.86 130.72 204.08
127.43 259.74 159.71
260.85 219.23 243.09
221.94 259.49 220.43
177.17 239.37 258.60
260.23 133.02 248.62
123.31 259.12 164.10
260.18 113.71 157.34
251.72 259.11 156.19
259.71 167.46 138.79
239.50 258.97 255.62
259.47 127.76 169.14
228.05 186.78 258.25
234.15 258.60 133.30
161.30 195.84 257.72
171.03 258.19 115.46
259.44 159.63 164.38
110.82 257.42 131.59
259.11 102.16 212.05
168.74 257.41 198.82
202.02 257.27 251.80
256.26 233.72 257.22
258.69 179.84 142.58
147.40 257.03 256.64
122.98 208.38 257.02
113.08 153.05 256.71
192.65 257.01 138.56
256.65 166.12 208.40
235.32 246.46 255.70
155.52 256.72 104.03
199.35 256.37 116.28
196.10 118.14 255.58
129.39 170.07 253.37
256.52 203.83 163.34
140.77 109.38 253.10
256.50 188.38 156.20
181.01 146.46 253.00
126.80 148.38 252.65
156.66 255.28 155.77
120.05 254.70 116.54
255.95 164.95 149.29
122.87 252.56 188.02
255.63 227.97 112.07
116.96 117.17 251.44
226.96 252.19 107.46
182.68 177.15 251.16
255.41 121.38 158.04
107.19 251.98 106.85
174.50 233.35 251.03
195.56 251.95 168.27
255.16 213.13 188.18
201.22 162.10 250.91
181.77 251.03 186.88
255.07 213.98 177.09
255.06 138.63 220.19
218.59 250.90 228.06
144.18 129.58 250.42
142.54 117.01 250.02
105.26 250.72 134.98
254.45 211.11 247.92
149.43 250.14 182.80
151.50 250.13 223.58
254.21 210.80 170.13
106.51 249.94 151.78
124.24 158.60 249.83
161.83 215.62 249.50
208.55 249.87 245.31
162.32 165.40 249.24
254.09 225.26 123.32
195.18 249.77 129.11
105.00 156.54 248.38
180.25 249.68 193.18
101.54 116.29 247.69
253.79 138.37 177.50
178.45 239.00 247.32
219.01 249.44 243.29
253.32 174.86 127.36
150.31 218.48 247.20
108.06 242.75 247.10
251.36 249.27 212.43
249.88 125.56 247.01
249.74 166.70 246.62
252.85 198.10 164.62
248.26 249.20 159.88
225.57 249.17 122.73
252.79 155.91 133.53
252.75 227.54 131.25
252.42 201.29 175.62
252.13 227.23 204.41
147.48 234.60 246.33
121.91 230.34 246.06
126.83 248.84 114.69
150.02 124.21 245.14
128.69 248.77 108.26
252.12 231.79 181.81
222.83 248.69 155.68
164.94 248.20 155.28
251.87 141.49 236.36
251.70 217.67 228.59
237.03 247.83 136.08
250.94 229.84 178.46
128.91 194.48 244.77
144.77 230.85 244.53
193.61 179.92 244.29
129.24 101.34 243.58
190.53 203.71 242.57
250.65 193.83 152.84
143.27 126.14 241.88
212.08 247.76 165.39
250.41 106.39 154.73
124.61 247.13 215.34
250.03 105.78 220.57
249.66 121.09 162.41
110.46 199.33 241.84
167.99 246.69 241.16
193.94 246.63 240.78
249.64 178.61 158.31
221.07 245.93 133.82
154.80 244.96 125.23
236.69 203.59 240.71
249.43 211.92 113.25
248.68 204.86 239.43
248.86 234.77 165.44
248.77 114.40 223.75
248.36 224.07 170.58
247.44 117.88 114.21
141.49 161.16 239.04
126.44 124.94 238.22
246.87 149.44 163.33
246.49 117.13 188.32
160.37 189.99 237.71
194.15 244.22 110.87
246.25 115.54 185.70
141.56 194.14 237.66
246.03 149.67 118.40
143.60 155.88 237.63
207.73 217.60 237.41
245.96 231.02 100.00
113.97 244.09 210.04
245.78 191.00 186.11
245.76 158.39 170.81
200.57 112.68 236.16
243.21 137.82 235.68
245.75 135.20 188.60
184.54 243.54 181.90
245.55 189.55 131.89
101.32 243.31 168.01
177.52 243.09 224.92
223.37 242.90 216.73
101.53 241.65 178.55
123.51 241.59 210.65
226.05 125.70 235.11
168.45 174.35 234.82
221.52 222.84 234.17
130.68 241.51 221.08
162.65 241.33 167.14
222.75 240.92 156.39
229.72 240.30 220.62
159.35 240.02 132.80
152.06 137.31 233.67
155.02 128.31 233.37
108.17 239.82 145.24
245.37 102.13 191.83
245.29 233.71 107.89
245.25 157.59 102.80
244.66 160.75 110.42
244.54 203.95 136.15
244.24 103.46 189.55
162.11 105.43 233.26
174.18 239.75 196.24
243.85 200.11 122.79
243.15 232.33 231.35
127.58 229.67 232.71
119.08 238.53 130.57
165.27 222.08 232.63
194.64 237.78 194.85
135.83 198.02 232.41
115.95 237.05 111.17
219.84 236.62 206.33
191.62 235.65 121.50
242.98 182.81 184.53
127.72 121.62 232.40
147.49 163.25 232.26
242.96 110.42 196.66
242.68 223.84 102.37
237.63 180.08 232.17
242.55 197.97 159.58
242.12 146.06 206.79
233.53 235.52 169.60
133.07 235.49 158.16
144.96 234.84 227.88
241.95 167.97 147.88
171.96 234.35 132.00
241.36 217.32 200.05
226.38 234.28 213.26
241.00 224.56 176.60
144.93 163.16 232.14
240.61 102.87 148.07
240.12 185.15 144.24
239.78 116.03 128.05
109.50 233.92 102.84
200.51 111.06 231.52
152.77 233.44 139.78
239.11 116.27 221.52
204.99 190.02 231.46
238.63 196.55 194.46
237.35 191.52 100.14
237.31 174.96 198.29
201.16 233.13 109.28
237.16 187.48 123.82
192.07 233.08 200.59
198.83 232.93 165.81
202.03 231.78 175.55
235.90 157.15 210.06
100.16 231.65 201.54
154.54 158.49 231.07
235.73 199.50 125.17
184.19 231.21 133.49
229.37 160.36 230.45
158.55 230.77 170.84
215.28 230.54 144.59
151.81 230.48 224.38
104.83 185.65 228.77
178.42 180.06 228.69
157.25 196.79 228.28
188.62 229.78 197.79
158.34 229.57 122.69
196.56 186.25 227.62
235.56 227.58 157.12
170.17 200.34 227.47
177.62 229.19 221.02
235.48 131.25 223.32
150.98 229.14 112.34
187.08 229.13 121.35
178.68 119.84 227.02
216.18 160.59 226.43
166.53 228.94 119.62
171.79 228.63 142.94
127.20 173.53 226.12
190.16 195.88 225.85
227.80 228.51 117.10
197.92 131.21 225.36
224.83 227.50 204.19
235.31 118.81 143.32
205.56 227.36 208.64
230.25 227.06 213.22
234.91 125.06 225.18
101.73 155.59 225.26
157.82 200.86 225.23
182.78 161.51 225.10
128.15 140.89 224.25
155.48 226.19 198.26
121.67 226.09 152.54
122.03 225.73 120.48
234.34 171.75 174.40
209.06 105.92 223.23
201.30 180.88 223.00
172.69 225.42 145.60
120.23 225.22 203.40
125.69 224.97 175.97
125.44 224.96 183.30
146.83 223.23 177.67
159.63 189.48 222.73
232.45 117.28 143.44
193.86 221.89 117.67
131.04 221.43 123.04
100.09 207.78 222.30
196.36 220.58 187.10
232.17 106.43 179.55
193.57 137.56 221.67
230.77 170.08 221.15
231.52 199.99 186.25
102.52 220.56 182.34
203.36 219.76 119.86
208.53 218.97 200.67
126.97 218.74 102.50
145.27 218.60 199.17
230.45 158.91 179.00
223.33 218.01 163.58
230.35 163.69 213.23
169.30 217.95 115.15
105.05 217.21 152.01
228.46 170.78 167.52
228.07 155.77 183.09
190.92 216.77 116.14
176.33 216.30 176.84
227.98 125.88 122.66
101.70 216.23 157.05
126.08 215.97 192.06
156.33 215.64 158.65
227.83 197.68 169.72
139.61 214.84 150.56
221.66 156.00 221.11
227.13 131.35 181.62
227.04 111.70 203.80
137.22 214.20 218.80
108.88 214.12 171.09
226.09 136.71 162.95
208.95 195.85 219.46
194.77 214.08 210.13
165.88 109.50 219.44
219.68 213.87 182.85
225.52 187.17 213.05
196.76 142.64 218.25
224.89 112.37 177.86
169.90 212.21 184.25
104.87 211.42 144.39
105.40 154.90 217.68
207.14 210.99 208.01
146.20 209.26 123.26
217.97 138.02 217.21
224.67 177.73 125.52
223.70 128.14 121.21
223.62 131.70 106.49
159.51 209.25 184.56
222.44 117.09 140.12
220.45 106.63 128.42
204.11 131.86 217.08
209.67 208.22 216.37
220.28 148.34 100.62
219.64 173.12 202.86
176.27 184.33 216.24
219.59 130.60 150.95
218.16 117.21 175.16
113.15 209.09 153.36
155.43 208.87 159.23
199.15 208.86 206.68
181.10 160.57 216.12
151.76 208.66 152.79
217.68 204.26 132.33
166.29 208.28 164.93
123.75 207.76 137.53
191.32 197.06 215.92
216.93 193.90 115.41
195.67 167.93 215.66
133.42 205.04 214.56
215.77 148.66 214.49
202.95 207.73 132.01
150.13 115.64 214.23
216.71 136.18 116.21
123.15 207.23 181.39
216.59 116.20 147.23
175.48 126.55 213.62
206.22 145.62 212.92
112.23 155.39 212.67
215.38 135.27 192.17
214.78 149.73 168.26
214.29 179.49 165.11
130.30 206.20 193.75
158.00 157.23 210.88
135.14 116.91 210.64
139.87 206.17 178.39
213.79 152.99 150.45
195.33 143.22 208.47
155.87 199.81 208.00
213.33 123.58 164.97
213.30 143.46 136.76
212.33 186.74 145.08
130.97 145.96 207.62
122.77 205.51 147.09
203.25 204.80 107.84
211.21 187.18 165.42
210.92 204.35 161.50
208.68 163.46 207.46
199.70 201.24 188.93
209.26 147.88 172.73
146.63 112.84 207.28
154.21 200.48 189.16
209.11 164.32 138.99
208.90 154.10 113.26
208.37 103.89 124.76
159.94 199.24 151.45
121.21 149.61 204.56
192.59 198.97 191.12
208.35 131.07 147.74
161.41 185.00 201.45
206.76 144.99 165.30
127.73 198.89 188.04
127.46 168.52 200.89
160.30 156.74 200.04
202.81 178.40 197.40
108.56 198.72 131.23
200.98 103.62 163.98
105.51 197.32 121.00
181.42 195.21 167.92
105.64 194.73 174.07
103.17 117.95 199.67
189.43 135.54 199.66
124.31 157.11 199.40
106.27 194.62 172.03
158.46 194.05 193.53
190.95 190.67 100.86
199.85 161.53 127.42
132.72 189.66 130.41
184.21 109.66 195.49
171.28 173.47 195.47
143.91 189.26 111.25
168.08 188.28 193.38
177.42 161.87 194.83
129.88 136.36 194.70
198.34 113.29 151.06
104.58 185.39 164.36
197.88 159.02 160.58
197.73 171.03 137.61
177.31 185.09 100.06
119.40 182.63 158.56
170.59 182.13 164.39
196.19 110.76 162.66
143.59 153.46 192.61
191.55 182.03 116.43
177.91 107.94 191.78
132.50 179.55 111.64
195.15 103.34 122.32
140.19 179.15 160.95
194.70 146.12 123.64
129.17 122.27 190.90
162.10 134.44 190.08
168.65 177.78 103.82
131.68 105.11 187.55
174.05 177.37 162.57
148.18 153.59 186.32
173.18 177.01 178.34
161.05 104.40 182.46
191.87 168.25 176.94
150.64 174.81 140.44
142.61 166.46 180.42
137.35 173.55 137.94
191.33 118.62 167.31
158.47 167.32 179.85
139.76 144.27 178.41
188.56 109.25 178.12
153.81 172.63 160.49
167.26 171.67 141.32
130.15 171.55 157.45
191.20 157.41 107.03
121.70 100.95 176.77
139.04 170.87 155.99
112.62 169.47 121.05
159.86 168.80 104.61
170.95 119.57 170.70
101.65 168.14 140.35
190.94 160.40 130.55
114.05 132.78 169.43
112.09 162.55 168.08
113.46 167.28 153.57
101.82 166.98 144.49
190.22 139.87 150.44
188.27 127.30 112.93
164.20 121.35 167.20
185.20 144.65 105.10
185.01 109.72 134.38
127.77 165.92 137.04
134.65 162.91 160.52
142.28 161.47 141.90
121.88 160.65 158.87
161.53 105.13 166.85
137.59 152.43 164.84
184.34 114.44 153.73
153.44 152.70 164.29
105.23 158.99 147.48
181.39 121.18 103.69
168.73 153.03 154.62
167.00 132.18 138.54
127.04 152.82 103.55
163.40 105.33 135.51
126.05 115.79 161.96
121.59 151.49 110.24
146.29 150.20 124.60
146.06 148.70 111.22
148.12 138.28 160.54
119.96 145.56 142.49
163.17 138.27 119.31
161.18 145.04 124.02
161.94 134.42 112.89
156.56 130.46 153.86
134.77 142.39 144.76
120.67 141.77 144.87
155.42 129.68 126.44
151.22 115.70 122.65
132.71 110.63 158.21
102.99 126.67 149.10
133.31 124.49 144.40
150.36 140.91 106.20
149.81 132.44 101.27
144.50 127.41 103.51
111.56 140.37 110.37
127.11 128.90 109.97
126.74 125.00 132.28
113.50 139.27 119.67
114.63 134.71 131.06
109.08 122.95 135.04
100.52 129.59 100.52
110.18 289.30 299.85
245.72 299.32 162.48
115.89 169.92 299.54
224.49 273.58 299.17
258.89 298.93 106.35
118.47 298.14 226.81
282.39 164.35 298.97
299.33 140.11 164.96
227.35 227.05 298.17
299.26 159.48 246.29
129.16 148.81 298.06
240.88 185.78 297.99
146.59 164.69 297.63
298.87 214.65 245.37
249.84 249.92 297.58
298.43 183.43 116.06
298.35 275.34 161.17
189.48 150.73 297.05
291.90 118.54 297.00
199.60 298.09 149.25
297.56 259.80 295.01
296.84 274.98 107.59
286.10 120.55 296.83
296.61 244.24 274.23
163.58 297.55 131.28
295.79 124.22 102.58
135.58 297.29 219.34
294.95 122.58 182.92
106.00 192.05 296.66
135.37 297.02 161.72
227.89 221.77 296.26
197.65 295.35 225.38
103.36 294.68 213.76
230.19 294.39 210.84
135.98 162.93 295.30
231.16 294.16 150.99
175.30 142.82 295.10
227.31 127.87 294.88
167.67 293.59 144.47
294.65 129.89 279.99
231.79 168.51 294.01
250.80 264.81 293.71
245.23 293.15 130.91
207.95 291.90 178.70
294.61 197.94 131.67
121.18 225.05 293.70
188.50 291.84 119.46
121.75 131.79 293.06
120.18 281.62 293.04
294.21 223.61 128.08
255.15 166.96 293.03
231.53 274.17 292.67
262.02 245.73 292.65
216.19 291.61 154.24
276.07 251.88 292.35
293.05 157.85 200.01
178.85 287.78 292.34
266.69 291.17 227.63
292.47 154.65 188.11
231.26 291.09 242.31
275.14 291.08 222.95
228.71 141.65 292.25
123.18 290.94 257.46
292.34 130.35 281.32
163.93 290.11 179.35
237.19 170.41 291.88
269.29 222.56 291.84
292.10 123.85 130.06
243.47 189.24 291.82
149.26 182.78 290.79
118.66 237.62 289.76
291.54 202.84 116.64
171.43 289.99 219.39
291.29 167.70 285.37
116.80 288.90 132.22
256.24 175.81 289.55
214.87 288.57 185.89
283.52 287.51 199.94
162.28 175.68 289.24
137.98 240.58 289.20
290.18 124.36 198.14
290.16 178.48 117.47
288.81 258.38 212.14
173.25 247.91 288.64
215.55 109.69 287.80
221.81 286.93 266.81
278.87 286.72 227.51
288.03 256.11 152.63
205.71 286.27 194.54
227.72 278.20 287.02
226.50 172.40 286.80
287.48 165.55 112.31
246.94 141.53 286.76
166.90 285.71 190.81
287.07 157.65 194.23
223.15 285.35 180.78
286.58 228.16 131.84
286.48 175.46 179.40
286.25 163.35 182.03
116.72 149.92 286.70
206.40 203.75 285.71
151.47 111.99 285.13
285.88 102.75 123.83
285.29 277.18 130.23
284.82 211.37 178.90
118.65 217.06 284.71
284.43 103.63 189.39
100.65 104.65 284.42
190.51 285.34 250.79
284.00 116.09 102.95
282.44 185.92 221.80
106.42 107.10 284.06
280.51 180.84 145.71
253.54 125.90 283.57
279.87 251.78 244.04
112.19 285.03 217.96
257.24 284.88 225.77
279.65 105.80 250.57
207.71 284.05 261.17
126.79 204.06 283.56
179.74 283.91 112.28
132.34 183.46 283.46
225.72 283.54 206.62
190.24 191.14 283.15
222.57 283.39 143.86
129.91 279.31 283.09
149.01 283.28 260.19
249.27 281.90 152.80
139.24 123.61 282.92
279.44 117.78 151.56
207.60 281.81 264.42
101.39 280.69 266.41
278.92 196.06 198.62
234.44 279.84 279.36
228.26 279.38 113.60
278.21 202.91 251.61
241.25 279.23 227.07
164.07 120.64 282.13
278.05 191.43 272.56
271.78 167.33 282.02
246.61 278.71 170.59
244.92 265.31 281.16
277.91 141.00 129.44
277.60 206.83 238.55
277.03 217.81 124.25
245.86 226.38 280.23
276.91 173.85 124.97
152.54 277.54 126.39
186.77 277.41 154.47
276.57 175.34 120.15
276.13 160.76 178.66
275.66 226.07 177.92
274.29 178.07 138.74
216.28 277.28 171.81
170.87 214.30 279.73
166.05 153.17 278.73
142.02 277.17 166.26
274.12 115.72 217.63
235.42 277.11 178.42
144.89 100.57 277.84
178.61 255.89 277.79
273.70 213.26 250.31
239.37 157.25 277.56
198.26 146.95 277.11
273.45 193.56 180.95
192.11 276.42 258.44
166.02 120.50 276.72
132.70 180.11 276.60
114.44 275.40 146.42
268.41 114.31 276.44
125.64 198.41 276.41
171.80 225.38 276.37
169.84 275.08 148.41
272.92 260.74 237.90
272.33 232.67 192.13
208.19 201.83 275.90
217.74 274.64 258.49
272.15 126.42 268.62
103.93 274.62 226.10
203.40 161.68 274.94
189.50 274.44 213.83
171.91 272.74 206.84
222.60 241.78 273.79
267.86 272.12 166.25
112.77 172.38 273.14
255.18 259.79 272.79
271.72 132.95 138.33
195.85 270.93 235.23
271.17 129.14 126.46
271.06 147.38 203.53
226.26 269.23 236.59
125.87 268.40 189.70
270.56 206.78 163.74
270.13 103.60 211.76
268.40 157.62 187.93
140.09 156.68 272.58
267.01 118.82 229.22
266.15 151.26 165.53
265.90 208.17 223.01
105.27 224.48 272.26
227.50 200.46 272.17
178.91 258.46 270.96
110.05 268.33 110.97
220.99 140.99 270.31
265.33 165.45 231.17
217.39 268.25 107.22
183.11 267.17 112.52
166.06 110.08 270.29
137.40 266.68 179.22
219.32 246.24 269.20
229.63 266.09 176.64
265.22 210.32 178.80
147.36 265.89 203.46
264.79 210.61 185.24
101.05 238.32 268.90
189.64 264.52 109.43
263.71 208.88 265.55
170.83 264.41 241.30
136.06 263.98 229.91
263.63 144.20 104.07
147.12 190.55 268.03
134.39 263.47 183.55
263.36 219.92 247.85
102.55 141.96 267.16
263.25 150.01 114.86
262.49 200.67 180.01
149.17 203.15 267.03
191.68 119.60 266.32
114.91 190.73 266.27
211.00 208.72 265.63
262.26 170.18 238.20
185.93 263.15 133.23
165.53 262.64 254.28
249.33 178.52 265.54
119.36 262.55 187.19
207.75 261.48 129.76
175.65 260.94 240.70
261.21 130.52 264.83
214.94 260.66 147.10
261.19 112.81 100.69
177.75 234.13 264.79
171.88 190.76 264.06
215.56 260.39 181.41
244.32 113.64 263.29
259.96 219.67 105.30
143.25 260.34 137.76
259.15 194.47 112.91
259.02 238.91 260.37
257.81 122.65 205.24
255.53 116.38 263.06
132.08 260.03 167.63
257.38 102.46 260.22
129.81 259.67 108.63
233.96 258.04 204.29
237.79 257.45 220.56
208.88 257.06 195.64
122.82 256.93 249.27
255.57 170.80 180.89
231.47 256.36 236.52
254.08 205.09 128.85
253.72 256.22 162.81
138.69 255.26 253.35
253.49 192.71 212.13
252.48 213.62 167.48
252.44 178.97 191.90
194.86 254.95 159.45
251.83 233.52 148.17
183.07 113.57 262.96
249.93 139.17 262.61
138.74 218.54 262.54
127.80 168.57 262.24
228.68 254.30 162.37
251.67 105.85 261.65
148.41 181.71 261.27
136.54 152.77 260.66
125.35 254.22 229.37
251.65 225.92 139.30
251.32 171.02 180.25
185.76 177.81 260.33
251.21 242.95 236.92
172.67 134.41 259.39
130.57 216.48 259.08
169.09 174.44 258.32
250.89 193.31 234.93
157.40 252.62 246.64
250.24 116.55 117.77
248.14 144.15 153.74
124.30 252.52 158.39
247.66 215.27 206.15
245.94 190.33 154.76
153.84 250.96 220.71
245.67 176.39 189.15
240.06 152.21 258.18
218.30 111.92 256.24
142.36 209.18 254.41
245.45 226.02 251.69
201.88 165.80 253.92
245.06 118.21 241.20
239.81 119.19 253.33
101.87 165.22 252.18
244.96 225.69 163.41
213.68 183.35 251.84
233.44 125.68 251.82
148.31 250.79 202.97
126.19 250.32 130.49
207.01 250.04 208.72
243.78 151.13 237.10
234.79 249.46 117.11
118.39 213.80 250.64
234.64 249.22 153.17
119.87 248.40 184.99
208.00 186.84 250.50
204.98 248.09 118.96
232.08 248.02 197.11
130.89 171.71 250.16
243.76 174.87 129.97
243.52 245.13 195.78
243.48 181.57 249.66
128.48 246.41 233.73
167.76 245.50 165.10
243.09 184.39 231.66
240.89 243.68 247.00
239.36 234.00 109.09
109.79 243.01 233.18
235.66 239.15 119.99
108.71 242.69 166.46
232.79 182.33 245.32
142.08 194.04 249.41
207.31 242.68 178.49
121.93 115.55 248.21
144.69 143.16 248.15
171.78 242.47 111.68
120.35 170.59 247.78
220.98 159.27 244.05
175.72 241.89 133.54
154.46 137.96 243.92
103.29 131.57 242.72
232.02 144.77 231.29
166.57 119.17 242.03
191.30 163.15 241.85
169.78 157.72 240.51
191.54 138.83 240.02
165.24 239.68 186.89
139.64 180.19 237.53
170.09 135.66 234.22
137.54 239.39 212.82
229.98 233.02 145.63
158.18 235.10 234.18
176.12 174.51 234.16
173.89 238.76 137.21
152.30 238.63 110.15
223.36 116.85 233.77
229.41 161.32 118.24
228.69 152.07 184.18
227.68 158.37 109.65
157.26 237.15 147.60
115.09 199.67 233.69
202.07 236.63 138.32
227.47 232.87 205.28
209.50 165.56 231.90
227.40 185.56 197.53
226.02 218.28 163.96
181.95 138.09 231.59
225.77 113.93 231.28
225.65 216.72 119.15
168.19 187.86 230.90
168.87 236.55 169.68
225.47 181.52 164.69
225.43 149.64 120.18
223.75 138.44 200.25
124.54 178.50 230.72
222.46 120.63 230.32
206.00 159.07 228.30
204.97 167.75 227.16
186.55 234.45 179.86
223.52 112.92 220.76
105.16 232.82 158.79
138.39 209.96 226.97
126.99 228.02 103.49
202.25 192.85 226.52
223.31 219.77 150.04
188.94 207.11 224.91
202.96 227.04 153.78
221.37 191.48 154.18
118.11 127.43 224.86
152.93 226.27 134.72
158.89 225.49 195.44
167.28 191.38 222.88
164.86 140.81 222.69
186.86 108.13 222.08
177.59 152.15 219.47
220.32 190.25 151.14
116.45 225.03 198.60
217.21 128.84 197.92
100.12 224.87 119.24
109.87 188.62 217.13
215.72 143.30 102.04
176.64 161.34 216.91
210.26 223.86 155.04
165.39 214.89 216.00
212.36 221.23 103.29
123.36 110.93 213.29
137.68 206.89 213.04
195.59 216.88 171.64
150.14 208.67 211.81
173.75 214.42 152.81
169.54 212.49 112.57
173.78 212.36 108.27
131.75 212.33 196.84
215.20 147.48 121.98
214.57 188.71 170.03
214.25 113.11 127.93
116.68 210.85 120.65
189.51 208.75 128.20
140.93 206.38 166.20
101.29 204.20 153.01
140.60 202.43 183.86
171.06 162.99 209.05
196.53 200.56 141.93
206.86 104.25 207.90
154.36 174.01 207.83
213.18 182.41 108.75
134.92 200.10 172.20
211.58 146.66 147.11
108.31 187.03 207.57
193.27 199.40 177.91
156.57 198.58 108.90
211.51 120.75 115.90
210.94 190.01 123.87
122.91 169.64 207.11
131.82 128.23 206.91
196.42 198.19 185.36
184.45 198.00 107.30
105.80 103.73 206.04
209.87 123.68 166.54
149.47 129.79 203.87
196.05 195.31 184.20
190.67 147.76 200.84
209.13 193.41 195.62
208.56 129.65 161.48
206.09 104.92 123.12
165.20 192.82 152.27
198.66 100.65 125.06
198.31 189.46 188.96
169.68 156.69 199.77
198.08 144.76 132.59
127.08 170.85 197.07
151.57 191.96 140.92
194.00 135.14 197.05
196.82 171.99 118.36
143.73 131.40 196.61
194.21 131.14 193.98
128.46 106.94 193.85
136.26 188.10 133.66
153.14 184.36 133.90
141.79 170.22 192.57
187.48 179.07 177.69
162.97 177.75 176.22
172.17 168.58 191.03
155.98 176.66 185.02
192.91 147.35 172.41
187.83 121.80 141.44
175.12 173.45 184.29
165.30 172.34 131.99
124.46 125.14 190.45
185.13 121.42 189.25
164.25 125.16 188.48
186.97 147.98 124.20
185.34 105.65 146.46
183.92 166.07 141.15
143.68 106.30 184.06
182.44 116.01 146.16
166.36 132.40 183.22
157.59 145.23 183.17
168.64 170.44 135.16
169.02 168.79 163.00
131.38 167.58 168.14
179.97 157.22 115.79
106.02 167.40 177.20
175.86 165.74 107.43
155.92 164.78 171.47
100.79 163.41 124.28
174.61 139.19 137.14
114.95 104.28 176.68
112.29 138.39 175.32
120.98 139.80 175.09
172.77 116.00 129.54
165.79 161.02 102.32
168.05 119.52 151.91
123.42 155.57 133.51
102.07 120.98 168.87
164.58 153.69 165.00
108.23 147.77 158.61
125.20 146.79 124.33
153.62 117.76 150.96
119.47 142.94 127.25
164.57 140.73 104.34
103.38 107.68 140.02
134.30 119.90 122.35
112.22 136.70 106.54
299.92 137.83 282.81
213.66 299.45 273.01
124.91 153.64 299.71
299.84 157.66 104.87
117.67 298.48 266.70
299.76 112.97 110.51
299.10 276.80 233.12
299.04 265.79 289.99
298.66 149.90 213.53
298.36 248.04 211.08
269.73 284.01 296.53
296.19 160.67 256.16
164.70 297.04 164.94
295.30 275.06 202.82
284.57 295.69 114.98
259.25 295.51 164.75
106.30 295.33 207.53
291.93 105.60 295.40
294.64 283.41 238.93
202.94 294.90 274.80
293.85 204.88 196.45
189.68 294.53 113.93
213.95 294.49 196.01
175.50 294.20 187.03
293.55 177.65 136.53
292.37 164.14 190.00
173.02 293.22 121.26
184.39 146.14 293.96
153.09 187.73 293.66
257.67 273.24 292.21
265.43 108.74 291.41
199.86 292.87 181.48
291.01 229.35 216.32
277.13 290.74 249.43
159.77 290.55 127.23
109.57 270.81 290.32
164.56 289.95 272.54
258.10 127.85 290.27
214.12 289.84 170.63
119.41 289.74 147.35
289.11 259.27 107.08
103.96 211.88 289.62
211.48 161.98 287.41
109.07 289.73 117.07
273.82 287.38 111.11
288.89 272.20 285.82
288.13 228.66 265.27
177.05 286.04 212.06
272.88 191.42 287.23
268.08 285.53 144.83
211.36 236.16 286.96
196.46 284.95 136.34
145.16 213.66 286.36
125.11 271.42 285.08
168.67 284.80 213.64
288.09 176.30 110.31
287.60 198.03 218.75
286.43 230.89 108.02
228.61 284.02 180.58
187.18 111.58 283.96
106.46 279.64 159.12
132.57 223.17 283.06
286.20 194.45 246.45
285.72 278.80 191.87
286.02 249.58 245.99
251.73 270.11 282.77
204.03 225.17 282.68
214.68 158.68 278.48
285.36 186.50 168.11
283.92 234.95 249.77
158.41 168.77 278.08
141.59 200.51 277.93
225.37 278.33 211.02
164.04 278.04 147.76
283.41 149.41 273.59
279.75 241.61 277.67
283.27 266.88 139.51
281.96 187.07 273.77
281.69 183.15 193.43
281.08 194.70 200.92
279.00 267.45 243.24
125.76 260.15 276.56
276.79 242.58 254.27
143.90 220.66 275.89
142.95 276.85 167.86
222.79 210.41 275.82
276.76 179.80 169.12
114.21 139.68 275.55
257.95 121.46 275.12
270.83 275.69 103.50
275.63 208.47 258.00
273.12 228.59 174.56
270.52 129.18 196.49
266.30 132.41 249.74
113.99 274.45 207.43
165.59 271.96 219.11
266.04 189.38 218.47
265.73 246.50 201.35
151.08 269.92 127.73
265.49 154.17 238.24
265.19 146.36 256.83
263.47 268.38 250.15
212.29 267.91 251.58
264.72 157.44 249.51
196.43 267.79 190.50
197.91 267.60 266.26
218.83 267.28 118.70
142.78 137.37 274.47
219.22 266.23 134.80
120.95 264.16 252.76
262.08 136.53 139.99
238.91 262.43 168.48
136.55 262.20 268.34
258.71 171.56 183.51
169.14 261.24 155.30
168.50 158.55 273.69
258.20 207.70 113.38
257.48 165.06 130.11
216.86 112.01 272.96
255.88 166.21 111.78
197.74 139.03 272.50
177.83 261.14 145.74
203.73 180.12 272.34
253.52 160.68 239.18
100.15 219.82 271.11
251.59 134.49 117.21
251.19 228.21 165.70
122.34 245.72 269.76
249.72 161.43 208.21
229.55 258.87 177.80
139.46 208.84 269.38
180.39 256.59 109.90
107.39 239.54 266.18
240.85 189.04 265.99
157.61 144.62 265.14
249.08 153.72 229.51
132.65 253.80 153.87
244.51 124.58 138.62
107.49 174.94 262.47
170.50 253.39 191.68
243.93 164.68 218.11
118.75 252.36 247.05
243.38 138.64 115.06
122.53 252.14 257.48
243.23 224.98 254.66
210.16 250.08 189.24
188.79 192.88 262.14
240.54 121.88 125.46
240.52 103.83 209.21
166.68 246.19 202.03
131.56 101.26 261.89
161.69 245.39 170.04
236.57 108.45 118.85
236.23 143.85 212.11
235.64 124.44 230.37
235.53 206.86 233.06
204.93 245.23 236.95
235.15 158.24 196.00
234.54 171.27 165.17
233.05 244.87 147.00
232.64 211.78 193.95
152.11 243.12 192.86
131.17 186.83 261.55
231.90 186.35 187.90
188.47 242.37 210.18
108.95 241.48 110.85
205.96 206.53 260.73
150.16 239.16 216.30
226.10 149.03 235.62
100.84 237.92 196.96
141.51 234.51 126.06
122.01 197.12 257.89
224.19 136.30 231.95
222.31 148.65 228.00
222.04 111.23 204.16
159.91 160.80 254.55
200.00 229.22 250.01
221.86 209.70 202.79
220.21 154.96 169.98
142.71 172.57 254.13
104.76 122.66 252.25
176.48 224.43 156.58
197.04 167.24 249.40
219.02 197.18 239.95
218.09 209.85 168.07
184.49 150.22 249.02
215.07 173.77 140.96
129.23 191.39 244.90
114.62 169.68 243.43
211.96 152.96 212.57
210.97 131.27 173.54
145.07 136.14 241.47
178.76 207.69 236.02
104.64 221.66 128.92
187.62 205.25 234.11
209.79 198.52 124.74
183.19 168.81 234.08
194.94 221.31 184.54
126.25 160.08 232.94
135.35 121.04 228.45
206.67 187.70 168.71
202.46 172.95 224.68
156.90 219.51 134.65
206.38 199.09 207.95
178.65 214.60 219.53
197.03 213.91 205.10
131.49 210.16 101.58
161.06 210.01 148.93
206.18 168.88 125.91
191.92 206.66 173.83
203.23 107.98 223.12
174.56 185.88 220.40
125.15 205.15 110.44
105.45 143.65 219.03
153.78 100.50 217.17
179.58 204.65 190.39
155.14 143.19 216.47
108.38 169.62 215.04
134.79 204.24 111.51
111.74 197.92 179.59
100.11 167.23 214.42
168.11 187.41 211.54
165.09 117.71 204.21
183.84 135.79 131.72
126.92 135.99 202.66
176.43 133.28 138.43
172.63 122.59 114.49
138.18 155.16 201.52
171.86 194.66 188.97
169.46 190.20 108.43
112.39 187.99 144.37
168.57 102.57 124.57
110.08 185.69 112.56
160.89 185.61 118.84
165.95 172.99 200.75
125.23 160.93 201.34
157.36 161.15 103.79
150.97 159.79 109.55
112.24 165.77 166.49
101.68 157.89 108.62
150.05 124.13 164.82
149.50 123.16 151.20
145.95 145.91 177.97
147.01 131.72 151.85
104.51 145.13 109.05
140.54 105.57 134.03
104.52 136.34 102.30
123.46 128.00 175.78
127.13 123.13 195.45
136.95 111.27 113.97
136.76 299.05 193.82
285.98 239.59 298.10
205.89 233.93 293.68
297.22 215.59 199.07
285.45 125.05 291.89
253.33 208.71 288.79
276.31 298.94 234.66
296.62 159.55 172.55
296.35 226.77 108.17
210.55 147.69 288.24
190.96 169.81 285.66
124.35 298.91 202.23
207.19 271.27 280.12
202.29 145.52 277.26
209.30 156.04 275.83
272.94 125.15 275.20
295.89 235.82 161.43
283.09 216.37 274.96
177.12 298.46 187.85
293.32 265.93 174.03
292.76 135.90 139.16
232.61 290.73 265.01
158.96 286.01 240.80
291.05 224.71 165.20
146.37 285.49 263.67
182.33 282.52 200.78
264.26 281.87 236.03
223.64 281.42 223.08
290.08 276.66 184.79
157.04 278.56 260.20
281.41 130.63 269.67
288.34 243.41 222.70
224.73 165.48 269.17
222.98 170.45 266.82
199.42 278.43 266.35
265.01 278.40 223.60
250.08 276.79 133.67
280.64 146.21 114.16
276.42 159.17 161.68
103.59 170.14 265.05
119.67 169.05 263.34
102.02 276.30 224.84
258.16 110.88 260.96
276.37 130.92 213.32
274.00 109.52 242.47
271.97 173.62 224.58
132.14 207.38 260.34
269.50 218.92 256.85
188.48 101.33 256.37
266.47 251.65 238.35
140.96 211.15 252.21
265.61 108.31 245.09
262.46 144.82 249.95
144.31 206.00 242.59
261.66 211.69 193.74
165.69 273.63 130.43
133.35 270.68 179.33
170.58 247.69 237.69
113.71 127.54 236.85
138.03 267.08 163.38
101.46 266.61 180.43
180.48 265.62 164.80
258.57 208.55 146.91
123.84 264.91 135.72
187.11 264.53 138.39
136.60 254.44 236.32
207.65 138.14 236.04
197.34 259.43 179.47
142.32 108.73 228.15
228.25 168.27 228.12
187.99 258.15 175.75
138.35 212.09 226.26
150.45 244.01 225.42
211.70 256.29 215.42
253.36 179.02 222.87
200.89 253.14 174.76
226.37 250.29 145.18
118.81 249.53 203.94
200.85 238.94 139.28
252.02 120.97 126.09
156.96 235.71 105.02
111.51 135.48 220.06
249.91 174.82 139.66
247.06 180.04 200.74
184.61 232.58 177.15
234.75 119.12 105.57
233.42 131.17 166.50
142.04 134.87 218.68
195.21 230.31 114.20
221.30 100.09 217.67
200.92 228.61 200.39
154.19 225.50 179.44
222.15 223.85 170.90
220.50 163.29 215.80
132.39 223.59 141.80
232.38 123.57 213.13
127.09 208.57 209.41
154.56 162.59 207.08
232.09 108.68 136.43
207.90 218.31 184.21
176.31 104.70 204.03
160.22 101.78 193.58
209.37 139.75 191.91
162.34 194.63 187.67
228.93 146.23 153.33
163.01 191.01 182.70
116.58 141.43 181.32
202.80 210.84 179.10
126.96 204.77 102.07
154.28 196.18 178.51
175.53 189.15 100.39
100.59 119.91 171.22
177.50 124.15 169.40
226.90 142.98 108.40
209.18 141.55 123.25
208.59 153.94 127.19
179.63 177.49 138.00
179.40 158.80 167.06
110.50 175.02 159.09
117.26 142.91 159.64
153.65 133.75 158.47
120.64 134.72 155.13
124.43 158.82 118.37
115.58 153.39 133.61
105.09 120.92 141.60
271.46 212.72 143.68
266.76 152.06 143.47
240.28 230.93 293.83
238.98 262.83 220.28
108.02 237.25 135.33
