297.42 296.24 299.98
295.16 294.55 299.97
299.03 299.24 299.93
299.98 297.07 297.13
299.05 299.48 299.92
294.75 299.99 296.44
299.97 299.07 298.50
296.17 299.98 298.18
297.03 299.96 296.25
299.72 299.91 299.34
299.96 293.97 292.46
299.94 295.83 292.49
298.39 299.89 299.24
297.44 295.96 299.91
292.21 293.94 299.88
295.29 299.87 297.81
299.93 291.66 296.15
297.07 293.06 299.87
299.60 298.55 299.86
298.97 299.86 299.58
288.73 299.82 297.65
288.94 299.81 297.61
298.91 299.78 299.59
295.45 297.49 299.85
297.51 299.77 298.71
289.27 299.76 292.24
299.89 299.06 299.44
299.88 298.58 295.99
299.87 288.54 294.44
299.84 297.80 298.04
297.78 299.75 299.11
297.14 295.95 299.82
288.67 296.54 299.81
294.38 299.74 291.53
297.85 299.73 296.14
297.01 293.40 299.78
289.78 299.70 296.48
299.81 299.60 299.00
292.38 299.69 278.85
299.90 297.05 298.75
297.23 299.68 291.02
299.19 299.67 298.52
299.79 298.24 298.49
299.75 296.31 298.24
296.02 293.11 299.76
299.73 298.25 299.09
296.38 296.71 299.74
299.69 294.75 290.22
297.59 299.62 297.85
299.67 297.77 298.77
293.50 293.66 299.70
297.35 298.82 299.67
299.02 299.59 296.57
299.66 286.63 285.69
293.35 299.57 297.12
299.65 299.47 295.88
299.64 297.12 296.33
299.63 298.94 299.48
299.42 299.56 297.25
290.52 294.95 299.66
297.67 299.54 296.99
294.19 296.40 299.63
299.62 295.15 289.44
295.20 299.52 291.59
299.29 298.72 299.61
298.05 295.98 299.57
299.61 297.47 297.73
297.75 298.76 299.56
297.29 299.51 292.02
299.58 296.45 298.06
290.72 299.50 288.20
299.24 299.45 297.55
293.53 290.97 299.55
292.41 299.43 290.27
298.09 299.40 298.39
295.13 299.39 292.16
288.03 293.29 299.54
296.74 295.74 299.53
299.01 299.37 299.39
295.55 299.36 297.03
292.67 296.15 299.49
297.15 299.35 289.10
299.14 299.34 298.63
298.54 299.33 293.42
299.57 290.66 283.09
294.40 298.39 299.47
295.08 299.32 289.15
299.52 297.65 295.84
299.47 297.83 293.56
288.62 290.27 299.46
299.43 294.74 299.45
299.45 287.01 296.03
299.44 299.17 295.24
299.38 292.69 291.87
299.37 296.17 295.37
298.62 298.97 299.43
298.32 299.29 297.67
285.55 299.26 281.88
299.71 296.55 297.24
293.40 299.25 295.26
293.65 299.23 297.54
294.62 298.99 299.42
292.01 299.22 294.76
295.73 299.19 295.90
289.94 294.70 299.37
299.36 298.13 298.99
297.21 297.67 299.35
287.31 296.70 299.33
298.23 294.62 299.27
288.90 299.20 295.83
293.84 299.16 292.60
298.77 299.14 295.22
294.25 299.05 296.13
298.22 295.03 299.26
297.64 299.00 295.04
292.11 295.85 299.25
290.76 298.96 291.97
285.54 295.37 299.22
287.48 282.47 299.21
298.19 296.29 299.19
294.80 295.18 299.15
288.84 298.95 292.94
292.15 296.18 299.14
289.34 298.92 287.47
299.35 292.04 297.98
299.32 296.99 297.10
291.71 298.85 296.65
299.27 296.33 297.83
295.14 297.37 299.13
298.55 295.51 299.12
298.83 298.78 298.54
297.86 298.77 298.74
298.88 298.75 292.43
280.39 291.36 299.10
299.08 295.81 299.06
299.26 297.66 298.70
297.65 293.26 299.05
292.30 298.67 297.47
287.11 298.66 290.89
299.25 297.86 298.00
298.15 298.62 298.45
299.23 294.18 295.74
290.24 289.66 299.01
295.36 296.73 298.96
295.56 294.26 298.88
297.76 298.61 294.32
295.83 294.86 298.87
293.97 298.57 285.13
297.27 291.43 298.85
293.98 291.30 298.84
297.89 297.93 298.82
297.19 298.53 298.80
296.59 295.40 298.78
299.22 293.76 288.63
299.21 298.26 298.30
299.12 296.96 297.46
299.09 290.41 294.28
299.00 292.92 291.46
298.81 298.52 298.56
298.98 295.10 296.12
297.36 294.91 298.76
298.95 288.77 294.73
298.80 298.50 298.69
298.89 292.78 285.48
298.33 294.22 298.67
298.84 297.31 298.51
298.82 298.00 295.55
297.53 297.95 298.66
296.99 298.51 297.00
298.78 295.25 290.93
287.57 298.49 295.17
298.73 295.05 295.25
298.68 296.81 297.91
294.44 298.46 293.19
297.16 294.63 298.62
291.49 292.88 298.61
287.52 287.66 298.57
295.33 298.44 294.84
289.82 290.88 298.53
286.52 291.80 298.44
298.67 293.69 296.22
289.38 292.93 298.40
298.66 288.89 294.57
296.26 298.43 298.28
298.65 292.29 298.35
297.60 297.41 298.32
298.35 297.19 298.21
295.07 293.72 298.20
298.24 298.42 298.05
298.64 297.52 295.51
298.63 295.58 288.22
298.58 297.48 293.70
296.69 298.35 293.16
291.83 289.15 298.15
289.66 297.84 298.14
298.04 297.72 298.86
297.04 298.30 295.01
298.57 273.20 288.75
284.80 298.23 283.54
286.44 294.42 298.13
285.69 298.22 298.07
298.56 297.55 286.66
294.77 296.35 298.12
294.92 291.54 298.08
298.49 295.19 293.23
298.48 297.27 295.67
298.44 297.26 297.94
286.77 292.06 297.96
298.43 297.03 297.11
298.42 292.22 295.16
298.41 296.58 293.35
295.09 298.21 295.69
288.28 298.18 295.07
294.66 289.99 297.95
290.43 298.14 291.78
298.37 291.63 297.18
298.36 288.25 277.47
296.14 291.23 297.92
296.55 298.09 288.34
297.38 297.13 297.89
295.38 298.06 297.62
295.67 294.90 297.84
299.40 294.77 297.02
298.31 294.89 289.35
297.66 289.91 297.78
294.73 298.04 295.41
298.27 297.78 296.96
293.10 292.62 297.72
293.38 284.87 297.71
295.61 293.73 297.69
287.78 297.97 288.87
286.98 288.95 297.68
294.91 293.77 297.57
293.29 296.32 297.56
298.26 296.88 294.38
284.72 290.83 297.44
293.30 295.64 297.39
295.74 298.36 290.86
298.16 291.17 285.38
298.14 293.43 294.79
297.09 291.87 297.37
293.06 297.96 294.14
281.19 297.91 295.58
298.13 293.52 291.11
296.64 297.23 298.93
293.71 297.90 294.69
292.56 297.87 292.26
279.69 291.75 297.34
293.64 295.90 297.31
293.34 297.76 293.65
296.46 292.79 297.27
285.13 290.46 297.23
295.90 297.64 294.86
298.12 296.16 296.45
298.08 289.07 291.79
294.74 297.61 290.28
296.80 290.44 297.17
298.07 289.45 296.36
298.03 293.08 295.93
291.55 297.59 292.79
291.18 294.80 297.16
297.98 294.25 294.88
295.06 293.01 297.14
292.09 295.29 297.09
297.97 290.39 295.85
297.91 291.58 295.39
297.63 296.41 297.05
297.82 294.54 293.76
285.78 290.32 296.97
283.73 297.58 288.39
283.64 278.93 296.93
297.81 291.71 296.82
297.41 296.91 296.91
289.18 285.65 296.88
297.80 286.56 277.26
297.71 296.06 294.58
297.70 291.65 293.15
297.62 294.78 294.48
294.93 297.53 294.24
294.82 297.40 282.66
297.56 295.31 286.77
297.54 289.48 288.78
289.14 297.39 295.15
294.71 293.36 299.36
297.49 290.62 294.96
297.46 290.30 287.35
297.45 285.83 291.63
291.72 295.12 296.87
293.94 289.03 296.86
288.40 297.33 293.69
295.53 288.28 296.85
295.30 296.27 296.84
297.43 293.62 288.25
297.40 292.01 295.38
293.59 280.68 296.83
289.07 288.88 296.71
290.44 297.20 287.50
297.37 281.12 292.09
296.84 297.18 296.59
286.69 297.17 285.94
293.83 297.16 285.40
297.30 271.50 287.36
297.18 294.88 292.10
282.54 297.11 284.13
290.49 281.06 296.70
290.94 293.53 296.69
294.39 294.20 296.62
296.67 297.09 295.66
285.04 290.95 296.60
295.98 297.08 293.24
283.39 286.66 296.52
292.50 295.59 296.49
288.13 293.57 296.47
293.87 288.67 296.42
297.08 296.76 296.41
296.13 297.06 293.33
294.13 296.93 293.02
296.01 296.90 294.25
297.12 285.55 292.00
297.02 283.77 284.15
290.96 288.40 296.35
296.97 288.99 289.63
294.69 296.89 293.96
289.40 290.36 296.31
293.92 296.68 295.13
296.28 296.61 295.52
295.51 296.53 292.66
290.18 296.52 291.48
293.27 287.03 296.29
296.43 296.02 296.54
290.57 288.07 296.24
296.95 292.15 293.86
284.89 292.74 296.19
286.04 296.48 293.14
294.07 296.43 289.95
296.62 295.77 296.16
296.94 294.67 295.64
291.82 286.17 296.11
296.93 293.74 284.82
296.47 296.37 295.57
296.90 283.10 292.36
293.00 296.34 293.92
296.87 295.04 295.50
293.76 296.26 284.85
288.23 292.11 296.07
290.51 293.54 295.95
296.86 295.02 294.77
296.79 295.30 279.18
294.72 296.25 293.46
296.00 293.16 295.92
289.76 287.80 295.80
296.78 290.52 281.67
291.13 296.23 287.57
283.51 296.20 291.42
287.06 296.11 289.60
293.37 296.10 292.57
291.39 290.05 295.76
296.77 294.93 290.40
295.01 295.80 295.75
289.73 296.07 292.58
294.63 295.99 292.27
293.54 292.23 295.72
292.55 280.53 295.71
296.76 294.71 289.57
296.75 294.79 294.87
286.31 295.94 292.77
295.91 295.20 296.77
296.71 288.17 284.00
292.47 295.93 291.52
293.85 293.59 295.70
296.70 294.39 295.56
296.68 285.47 287.91
288.97 282.95 295.68
295.35 295.89 293.58
283.36 292.02 295.65
296.39 295.86 294.53
294.52 294.00 295.60
296.61 293.92 294.08
286.70 295.79 292.21
268.17 295.73 289.09
296.60 294.07 295.53
295.85 289.75 295.54
282.37 295.63 286.21
296.51 291.85 294.49
296.41 276.40 283.45
288.86 295.56 285.83
287.44 295.53 291.15
284.32 285.14 295.44
296.37 276.82 293.10
296.36 294.56 284.84
295.70 292.26 295.42
296.29 295.33 289.29
288.21 295.52 290.26
293.36 286.14 295.40
296.25 294.17 293.57
296.23 293.86 293.61
291.87 295.49 291.31
295.92 295.47 294.43
293.75 295.44 288.16
295.47 289.98 297.08
296.20 282.52 288.47
294.04 295.36 294.50
286.03 295.35 285.81
286.57 288.27 295.33
296.15 292.17 290.63
291.89 290.69 295.29
299.53 294.45 296.18
288.59 287.96 295.21
287.39 295.11 280.86
296.07 292.25 285.10
294.47 295.07 280.10
287.17 295.00 291.89
292.35 292.58 295.19
299.16 294.40 294.36
296.05 293.60 291.84
288.26 294.96 285.14
287.60 278.22 295.10
295.42 294.81 288.67
296.04 288.80 289.77
295.82 289.57 292.81
293.90 291.93 295.03
291.70 294.69 289.02
283.46 294.68 282.80
287.99 294.65 291.72
285.64 294.64 293.87
287.89 294.61 277.95
291.28 294.57 285.01
295.81 290.82 289.30
290.40 289.47 297.97
295.77 292.03 287.98
295.75 285.17 287.17
279.92 287.05 296.37
291.99 299.28 289.92
295.72 294.44 292.56
289.15 289.60 295.02
291.14 294.36 294.89
295.68 279.45 284.29
294.87 294.60 294.34
289.85 294.34 292.68
287.33 294.33 290.11
294.57 294.30 294.30
282.92 282.10 294.90
294.81 294.29 294.81
295.64 294.01 294.67
294.17 293.12 294.66
295.63 286.97 285.91
295.52 277.36 293.43
292.64 290.07 294.65
295.49 291.64 281.42
285.06 294.24 287.53
284.49 293.32 295.06
284.04 293.23 294.64
286.76 290.77 294.63
282.06 282.77 294.62
281.47 288.84 294.60
295.46 290.59 292.89
291.86 280.23 294.55
286.55 294.21 281.43
295.27 289.13 291.23
287.75 288.30 294.54
295.25 287.14 281.14
295.22 293.18 293.94
286.22 294.16 283.97
295.19 292.27 287.19
295.17 292.89 292.38
293.04 294.52 282.37
293.25 294.14 289.17
296.58 289.77 281.17
283.82 291.60 294.52
294.99 282.68 287.08
292.73 292.64 294.47
286.23 294.12 289.78
294.68 288.86 294.46
290.48 294.11 293.95
293.52 294.09 293.83
292.26 293.99 294.45
292.88 285.44 294.37
283.05 294.08 290.42
294.98 290.13 275.37
283.53 294.05 292.35
292.80 294.04 274.19
276.87 293.96 286.61
297.92 293.35 289.62
288.34 293.91 283.08
282.24 293.88 288.00
291.38 276.90 294.33
292.76 293.85 288.13
290.66 293.80 290.55
294.96 288.39 289.83
284.33 285.48 294.31
288.74 292.05 294.29
289.49 291.09 294.26
294.89 288.00 286.09
289.71 291.94 294.23
281.30 293.67 286.81
294.35 293.56 286.64
293.56 293.55 294.06
295.28 289.30 292.98
294.85 292.00 293.63
294.78 286.27 276.37
294.65 286.81 290.00
290.13 292.16 294.22
285.18 293.50 290.70
289.26 282.12 294.19
290.71 287.89 294.17
294.61 288.14 288.09
294.60 283.26 287.16
291.84 292.09 294.13
292.22 286.72 294.09
294.58 291.11 293.49
294.54 278.61 286.46
294.51 291.95 292.74
294.49 287.62 285.97
274.88 293.46 291.58
292.99 293.34 292.08
294.22 292.72 294.04
294.46 291.07 293.54
282.59 286.94 294.00
291.54 287.43 293.98
298.76 292.63 292.91
294.41 292.35 292.72
294.37 286.21 278.72
294.36 289.39 287.49
290.46 283.61 293.93
286.09 293.21 291.27
297.20 291.31 274.88
294.34 292.52 287.09
294.31 292.19 287.44
294.28 285.32 282.17
287.63 275.16 295.34
294.21 284.74 283.05
285.65 293.17 291.95
294.18 284.94 289.48
289.99 293.13 288.21
294.14 282.88 277.57
289.65 289.58 293.90
293.20 290.00 293.89
294.02 292.08 288.14
294.01 292.67 293.82
294.00 264.66 283.44
290.99 293.10 291.71
282.39 292.76 293.85
293.93 282.57 289.05
291.17 293.07 272.37
288.45 288.51 293.81
275.19 293.05 286.06
285.56 293.04 284.62
291.26 277.02 293.79
293.82 280.09 284.19
288.11 287.92 293.78
288.16 293.03 283.70
286.92 289.09 293.77
277.26 289.25 293.72
284.61 292.98 288.80
291.36 292.97 285.22
280.02 292.94 287.11
283.22 288.74 293.71
293.80 290.78 292.69
283.35 292.85 288.55
271.57 292.82 284.98
291.10 292.81 290.99
267.45 290.96 293.67
293.70 285.46 293.55
293.67 288.36 286.05
293.66 281.83 286.74
279.42 292.77 289.70
290.17 292.73 289.73
292.51 292.71 281.93
292.03 288.04 293.53
288.78 292.66 288.18
290.85 287.48 293.52
293.02 292.57 287.39
289.17 292.56 290.96
288.80 290.10 293.50
295.79 288.98 290.38
293.60 288.50 279.96
293.51 284.27 277.45
280.23 281.60 293.48
279.91 290.18 293.45
299.28 284.73 286.01
284.96 292.54 285.90
275.69 292.48 292.62
290.62 287.99 293.40
298.90 278.70 284.57
293.46 288.05 289.20
291.11 284.55 293.32
284.34 289.65 293.21
287.76 284.38 293.09
287.22 292.44 285.43
281.67 291.86 293.08
293.44 289.79 291.69
293.39 276.41 285.34
274.53 289.11 299.04
270.23 292.41 284.14
293.31 284.97 289.51
289.11 292.40 286.97
293.18 287.11 283.10
285.31 283.33 293.06
284.23 287.02 292.95
278.58 287.42 292.87
287.74 292.32 279.60
287.12 292.28 287.21
290.53 292.10 286.68
293.16 291.57 287.96
292.04 290.72 292.86
293.14 282.13 289.94
285.53 291.91 289.69
291.80 291.89 290.59
291.85 282.04 294.27
299.31 291.32 287.00
289.44 295.01 287.33
293.12 288.31 282.68
284.26 288.38 292.84
287.19 290.56 292.82
286.15 286.23 292.64
292.87 290.76 299.02
275.53 291.88 280.02
292.36 290.74 293.74
293.11 290.67 288.54
285.87 282.90 292.63
280.57 291.83 292.61
293.05 284.29 282.60
290.75 288.13 292.52
291.63 284.66 292.41
285.89 275.98 292.33
290.16 290.21 292.29
293.03 286.37 284.95
288.61 291.78 290.46
293.01 287.40 282.98
287.09 291.74 280.29
292.95 288.43 289.72
281.40 291.69 287.61
292.85 287.88 288.74
290.38 289.17 292.23
292.79 276.22 281.38
288.88 290.04 292.19
292.72 291.56 292.17
292.74 291.33 292.14
290.08 283.67 299.64
280.94 299.30 279.28
294.11 290.24 291.70
286.60 286.33 292.13
287.04 291.53 286.59
286.26 291.51 281.64
286.56 280.66 292.06
267.07 291.47 285.74
287.71 283.59 292.03
292.07 291.42 286.50
281.45 291.41 284.10
291.95 289.67 297.01
297.74 288.18 271.10
289.88 291.40 286.99
285.03 287.61 291.99
291.50 291.34 290.05
292.66 287.90 290.85
279.43 255.92 291.90
292.61 285.64 280.51
283.06 283.46 291.86
280.05 291.27 270.20
292.57 285.29 286.73
292.54 289.54 288.85
292.53 289.42 283.94
282.74 291.24 277.37
274.05 291.12 280.42
273.00 285.23 291.82
280.91 291.05 285.75
283.18 290.92 283.72
286.61 287.78 291.77
292.48 287.10 287.38
292.31 290.35 291.40
288.95 290.91 291.14
288.70 290.89 288.93
289.74 290.47 291.75
292.25 286.67 276.62
292.17 290.20 288.64
281.23 283.20 291.67
281.60 290.86 280.92
292.13 287.45 289.71
292.00 285.92 283.86
284.81 290.85 285.79
278.92 273.97 291.65
291.98 290.81 282.11
288.02 290.65 288.40
291.96 286.68 289.37
281.94 287.75 291.64
291.77 278.10 291.62
291.69 280.64 285.65
289.91 276.35 291.61
291.68 289.27 290.01
291.66 281.00 290.35
290.32 287.79 291.60
286.49 290.64 286.42
291.65 278.58 273.43
281.32 290.54 290.15
290.05 289.04 299.68
291.60 285.78 282.41
290.67 283.97 291.54
291.57 274.29 286.86
269.66 294.73 284.24
287.41 290.49 290.32
289.60 277.59 295.45
291.56 284.11 283.99
284.54 297.92 288.29
291.90 298.98 279.80
291.35 287.31 284.43
291.24 287.22 289.56
269.49 287.50 291.49
286.78 290.45 283.68
288.39 290.28 278.77
287.14 290.26 289.85
291.22 285.59 285.47
291.15 286.82 289.19
291.09 280.97 277.05
281.63 290.17 285.67
288.69 288.29 291.39
289.90 293.98 285.71
291.05 275.73 281.16
286.91 290.14 288.04
290.95 284.91 282.56
290.83 280.39 290.73
290.50 284.09 286.45
290.42 287.74 289.80
290.35 280.63 291.33
289.96 289.46 291.30
287.58 290.09 286.92
286.07 290.03 282.51
283.54 283.72 292.99
274.93 289.95 279.45
280.72 289.94 286.13
290.34 281.91 279.24
290.30 280.21 291.26
280.77 280.65 291.17
290.33 284.34 278.65
290.47 288.63 290.20
290.31 284.33 286.24
290.28 286.78 286.02
290.15 289.49 286.16
287.27 281.07 291.10
287.42 285.07 291.09
279.51 278.71 291.06
290.10 280.26 285.84
282.43 284.03 291.05
290.04 280.56 277.55
281.42 279.76 291.01
289.97 282.49 287.06
280.86 284.68 290.94
289.95 281.53 281.96
281.57 282.22 290.90
286.71 289.37 290.81
289.92 277.69 276.33
284.52 289.93 288.31
290.97 281.38 290.34
277.75 287.38 290.80
289.87 284.16 289.41
271.33 289.84 284.74
288.82 289.83 289.90
284.60 289.72 281.72
285.40 285.28 290.76
283.69 289.70 275.70
289.81 287.16 289.64
289.70 287.60 282.16
278.27 289.56 289.91
268.03 289.53 275.96
277.64 289.43 288.02
282.75 284.76 290.69
287.94 285.27 290.67
289.69 286.69 283.50
284.02 290.22 278.87
289.67 284.57 286.53
289.57 273.12 271.18
289.52 275.88 287.58
289.51 283.15 276.58
289.48 285.88 267.56
283.85 283.84 290.66
288.87 289.32 275.46
288.63 282.03 290.65
290.87 279.23 288.68
288.60 288.79 290.62
275.42 289.31 285.50
290.37 285.68 278.67
289.47 275.92 291.03
284.86 283.16 290.61
279.35 277.48 290.57
289.46 285.22 284.94
289.37 284.20 287.04
287.32 289.29 286.03
277.16 281.66 290.51
284.70 289.24 281.68
278.13 289.14 283.43
266.63 284.30 290.49
287.54 286.16 290.45
287.46 293.37 286.88
289.35 288.09 290.36
286.05 288.08 290.31
287.68 285.94 290.30
276.47 289.10 287.37
285.44 273.39 290.25
289.31 288.41 284.89
283.88 283.91 290.19
288.72 289.08 290.06
284.38 280.34 290.14
289.30 285.26 289.45
289.28 277.47 270.97
289.22 286.41 287.28
289.04 288.22 288.27
289.01 288.52 289.26
279.15 289.05 286.90
285.52 287.63 290.12
284.75 284.45 290.09
287.05 285.80 290.02
270.94 279.87 289.99
286.84 285.79 289.89
287.34 288.62 294.98
278.06 286.20 289.76
288.96 289.01 289.65
282.28 284.05 289.59
282.69 273.02 289.46
284.45 280.06 289.42
288.92 285.72 287.85
283.34 278.28 289.38
295.59 288.46 288.44
288.91 279.70 283.02
282.42 288.85 287.89
288.81 286.54 288.24
285.17 286.52 289.33
274.56 284.35 289.32
282.48 288.82 284.53
284.03 288.78 296.67
277.60 288.75 277.08
288.75 285.74 286.60
288.65 286.07 289.27
282.16 283.49 289.24
286.48 289.21 288.28
287.95 288.73 276.76
288.58 280.47 276.66
298.96 288.10 288.26
288.57 284.22 288.81
288.54 286.80 284.31
274.37 288.71 278.61
288.51 283.71 287.32
288.38 285.35 277.49
284.63 287.00 289.21
285.25 277.24 289.18
288.35 283.63 284.45
283.84 288.65 285.80
288.33 277.70 276.67
278.08 283.13 291.51
294.42 283.03 285.66
288.31 282.94 286.98
282.95 288.21 289.11
285.63 285.02 289.01
282.23 276.32 288.99
281.46 288.60 283.79
284.51 288.59 284.52
288.17 285.00 268.80
288.15 278.97 279.37
283.41 288.48 288.91
288.09 284.07 273.97
288.08 284.77 282.52
282.49 297.85 295.63
283.14 282.65 288.89
288.04 279.12 276.38
285.86 288.45 277.97
287.50 281.85 288.84
289.53 286.40 285.26
277.08 288.37 282.19
278.43 288.35 283.39
280.90 288.11 286.20
288.00 282.44 279.51
286.43 287.32 291.50
287.98 282.30 277.78
285.61 279.40 288.82
287.82 277.68 279.71
283.60 271.85 288.77
274.06 280.52 288.73
287.81 286.60 287.70
284.71 288.01 287.46
283.48 287.95 276.32
287.77 277.58 280.04
281.83 287.94 282.84
281.65 284.12 288.72
285.21 286.19 288.69
287.69 284.86 280.44
280.19 287.82 288.59
287.65 281.77 285.16
284.30 285.77 288.52
287.64 275.09 280.36
287.62 281.92 286.25
287.56 284.24 284.72
275.79 287.73 282.47
285.38 287.47 288.46
287.51 286.10 284.87
284.76 287.67 282.87
279.30 287.51 287.66
286.45 287.46 280.20
287.47 278.62 279.06
287.29 270.48 282.89
282.86 279.04 288.41
287.28 279.79 287.27
273.04 276.92 288.30
278.09 295.78 283.89
296.42 291.61 296.40
279.07 287.41 281.27
279.10 287.37 276.22
276.95 287.35 278.76
287.08 286.87 288.23
287.25 274.03 278.54
265.28 287.23 281.44
283.47 287.21 280.22
287.23 285.53 283.27
287.02 275.78 277.75
283.15 287.15 287.29
286.99 275.94 279.89
280.48 287.09 285.17
282.84 286.89 286.63
278.18 282.55 288.11
284.07 277.35 288.07
275.68 286.88 285.04
286.97 278.48 283.17
285.59 286.85 277.16
281.88 286.77 281.28
272.97 286.74 283.57
284.50 286.61 283.85
286.95 281.17 285.99
286.94 286.59 286.79
262.68 286.39 290.79
286.90 285.09 281.00
285.34 285.61 290.18
286.75 280.73 288.15
278.95 286.58 281.04
263.92 276.94 288.05
286.41 283.64 288.01
281.21 279.06 287.95
286.88 275.86 273.27
286.86 283.90 285.27
286.81 284.49 287.20
286.80 286.02 286.93
286.10 299.84 287.22
286.73 283.96 284.27
286.72 286.55 282.64
273.23 282.40 287.86
286.65 275.46 283.64
283.01 286.51 271.56
272.32 281.72 287.75
286.63 286.49 285.49
286.62 284.69 283.30
286.58 286.12 284.39
286.51 284.78 283.15
272.58 286.46 284.36
286.18 295.14 287.23
286.47 284.31 268.38
280.98 275.47 287.62
285.94 285.69 287.55
283.81 283.37 287.48
286.42 282.18 282.55
284.36 286.64 288.48
284.21 286.45 279.30
286.36 285.42 286.10
281.54 282.61 287.79
286.25 283.66 285.19
286.24 284.44 286.28
269.23 287.06 282.90
286.20 279.94 271.67
282.64 286.42 262.00
283.94 286.22 286.39
285.48 291.52 286.57
279.50 281.03 294.93
286.19 277.10 284.75
276.57 286.13 272.12
282.90 281.56 287.45
286.16 281.04 277.24
284.41 285.04 295.79
279.81 278.39 287.41
280.58 286.11 276.59
286.11 283.50 280.63
280.03 282.25 287.30
273.22 286.08 285.73
276.14 286.05 285.68
286.02 280.91 274.96
286.00 274.30 271.28
283.59 282.56 287.14
279.59 278.79 287.13
285.97 284.06 284.11
285.83 282.83 287.12
285.09 296.84 282.45
288.41 285.50 281.84
281.76 286.01 279.62
285.84 275.99 286.49
285.46 284.14 286.96
274.12 284.82 286.95
287.21 293.81 278.31
285.82 284.67 269.08
299.78 292.31 286.22
285.76 279.57 275.15
278.42 283.82 286.89
277.12 293.68 279.26
285.75 281.10 277.09
273.19 285.84 286.65
285.68 281.42 277.21
