296.72 148.99 225.05
280.38 279.86 298.66
214.37 282.61 294.66
129.43 297.10 161.39
296.35 138.66 293.42
292.71 185.85 293.30
294.59 260.65 251.02
248.76 245.69 293.13
255.42 164.63 289.01
289.35 296.37 264.45
282.61 295.72 240.16
287.99 164.16 111.45
247.33 295.15 281.28
256.81 295.12 181.07
219.34 156.85 287.27
105.61 287.54 215.07
187.00 150.89 281.32
286.35 131.29 207.64
147.18 228.18 275.24
285.95 273.51 124.39
115.49 184.10 270.62
202.17 286.18 168.02
283.00 143.10 246.95
281.10 160.46 102.52
279.67 272.29 228.31
121.85 213.01 268.95
224.81 160.76 267.48
258.74 140.06 263.92
227.72 284.47 105.46
120.10 255.55 263.70
244.67 281.22 198.43
277.36 238.25 143.69
163.75 276.10 207.67
141.57 266.48 225.32
265.77 266.47 175.00
109.21 256.42 233.41
119.92 234.81 262.25
276.45 157.89 107.64
275.00 127.59 188.88
274.41 250.89 125.43
136.46 223.10 260.88
173.85 162.14 256.90
150.12 254.00 155.41
234.21 248.08 140.46
228.28 121.61 255.01
103.10 241.03 253.74
240.42 247.81 147.09
254.85 166.34 251.65
116.32 246.88 196.51
164.32 245.97 137.06
198.41 185.31 251.47
222.31 104.66 246.43
263.50 205.29 241.21
260.50 203.45 120.96
111.20 245.41 215.44
256.38 242.97 128.10
253.15 137.23 163.99
108.01 242.57 173.66
175.55 237.69 192.75
251.20 124.17 155.55
143.14 106.47 236.38
237.30 143.18 233.46
245.49 140.16 152.36
240.80 164.89 218.81
239.74 229.64 145.36
232.62 136.77 216.64
101.84 222.30 166.73
189.57 218.88 128.22
164.54 218.30 207.12
127.48 100.18 233.15
101.59 217.85 229.44
231.82 144.99 199.63
225.34 110.00 206.74
123.42 216.51 166.42
201.91 166.17 201.49
141.55 159.77 198.38
226.34 197.88 157.06
214.58 200.39 125.98
208.26 108.65 136.66
196.90 202.55 142.86
184.21 201.32 165.74
139.37 143.46 196.39
120.15 118.15 195.19
190.97 198.06 155.24
205.89 162.96 191.95
205.38 102.46 165.59
179.60 134.79 190.04
189.23 111.01 170.97
191.72 155.28 147.07
139.10 192.26 157.72
116.88 171.07 156.36
190.84 192.13 139.85
148.86 117.42 149.43
160.41 191.84 133.58
154.02 183.77 143.37
191.12 101.88 125.72
169.27 127.83 108.18
144.74 177.78 113.32
120.08 143.62 123.81
113.73 151.76 104.25
299.97 292.85 296.87
293.16 299.98 294.11
297.97 299.97 296.54
299.95 295.41 296.27
298.68 299.38 299.99
299.92 296.90 292.04
298.88 299.96 293.21
296.63 294.78 299.98
297.13 296.57 299.95
294.22 299.94 297.03
299.89 297.92 298.87
299.86 295.64 297.87
299.02 299.93 296.75
296.57 299.83 293.32
293.23 299.82 294.99
293.29 299.06 299.94
298.69 299.81 299.03
299.85 297.34 297.18
299.83 297.22 297.77
299.78 299.51 299.85
297.83 299.80 292.96
299.76 298.17 296.91
283.36 299.77 291.33
281.31 298.97 299.93
299.75 291.78 298.56
290.56 291.99 299.91
299.74 296.28 285.49
299.71 297.28 290.16
299.70 298.12 296.49
299.68 295.91 296.01
296.66 295.25 299.90
295.03 295.95 299.89
299.67 297.96 296.66
295.89 299.75 294.56
297.94 299.74 294.79
299.66 297.13 289.95
299.65 291.63 297.23
290.93 296.18 299.87
298.11 299.72 298.55
296.04 299.70 292.81
298.67 299.68 298.57
294.81 295.63 299.84
299.64 297.12 296.12
299.61 296.11 299.80
298.90 299.66 291.42
296.34 297.03 299.81
299.00 284.97 299.78
298.29 297.78 299.73
299.59 294.35 292.94
299.57 295.71 299.69
299.56 287.67 292.07
298.74 299.63 298.89
297.57 299.59 291.23
292.02 299.49 297.62
292.22 296.39 299.70
294.63 295.05 299.68
299.51 292.36 299.06
289.33 299.47 295.88
299.50 298.55 297.53
295.58 299.45 299.39
299.48 293.30 294.16
296.88 299.32 298.82
298.75 295.90 299.67
288.88 294.59 299.66
299.47 299.17 291.09
290.89 299.31 288.58
299.46 292.11 297.69
299.42 286.34 297.19
296.27 286.90 299.65
299.29 296.26 299.64
299.39 289.10 292.60
299.36 299.05 297.16
297.17 299.28 288.46
299.30 297.37 298.90
292.29 294.30 299.63
299.28 296.88 294.50
299.27 291.47 292.80
298.86 299.27 299.41
288.39 299.26 296.52
298.26 299.24 285.85
299.26 293.82 297.54
299.25 297.86 299.19
298.49 297.50 299.59
299.24 292.52 298.70
298.91 299.08 299.58
289.99 295.73 299.57
297.11 299.23 297.70
287.63 293.76 299.54
299.20 291.37 297.58
292.47 299.22 296.88
297.15 299.19 288.84
299.17 297.91 297.08
297.67 299.15 291.71
292.86 296.02 299.53
299.16 287.96 290.22
274.58 299.12 282.66
292.79 299.10 298.04
299.15 289.69 286.46
289.71 296.70 299.52
285.08 299.09 292.83
299.14 294.69 297.04
298.22 298.76 299.50
298.42 298.58 299.49
292.36 299.03 289.73
299.11 298.73 298.51
293.68 299.02 283.89
291.81 292.29 299.48
290.09 295.67 299.47
298.17 297.77 299.46
299.08 295.48 295.65
297.21 299.00 296.39
289.77 298.96 298.53
293.22 298.94 296.25
296.83 295.31 299.45
294.87 298.91 293.10
299.03 295.16 299.17
280.86 292.06 299.44
298.94 295.60 295.17
295.66 298.89 297.60
298.93 292.43 293.03
296.90 288.84 299.42
295.93 298.86 295.16
295.00 298.84 282.01
297.85 298.81 295.58
297.35 296.19 299.40
294.27 298.80 295.47
294.42 298.79 297.81
296.08 298.50 299.36
298.87 286.75 290.11
293.56 298.69 296.31
298.85 297.97 298.15
296.79 295.99 299.35
298.82 295.76 292.82
298.81 295.94 292.06
298.80 292.98 293.71
292.54 298.66 288.81
298.60 298.65 298.79
288.98 298.64 292.19
298.70 292.15 289.77
297.23 298.06 299.25
298.65 297.61 294.23
298.64 297.47 289.70
294.72 298.57 286.16
298.62 292.67 297.14
296.92 298.04 299.23
288.69 293.68 299.21
289.21 298.56 296.50
280.69 289.73 299.20
298.61 288.75 296.70
294.09 292.77 299.07
297.86 298.53 290.68
298.55 298.00 292.67
298.51 294.39 294.08
291.35 298.52 293.93
296.60 298.48 297.29
296.80 296.82 299.05
298.44 296.59 294.64
292.23 298.43 291.29
295.69 287.95 299.02
298.41 298.16 295.44
287.40 292.70 298.98
295.85 295.84 298.95
298.39 280.91 295.84
297.12 297.29 298.94
294.54 298.42 294.96
298.36 286.31 288.02
298.32 291.48 297.42
291.40 298.32 296.67
286.24 298.31 298.03
294.46 298.29 287.79
295.70 294.15 298.84
296.47 288.05 298.83
298.30 289.23 293.23
294.21 286.11 298.76
297.28 298.26 284.41
297.80 295.98 298.73
298.27 295.32 288.52
298.25 296.33 297.51
298.24 295.04 294.63
298.21 293.14 296.94
296.39 298.25 296.34
297.05 295.06 298.68
296.76 298.23 280.88
298.19 292.71 291.78
287.07 298.20 292.13
294.49 298.19 293.09
297.34 298.18 297.41
294.57 298.15 292.70
292.15 293.96 298.64
298.16 291.83 290.62
298.14 294.18 296.48
296.25 298.14 293.00
287.87 291.96 298.63
294.88 294.16 298.62
285.42 280.33 298.61
298.13 288.37 286.47
291.29 298.11 292.98
296.69 293.78 298.59
292.41 298.10 294.18
298.12 290.88 289.19
277.52 291.15 298.58
298.06 294.60 295.89
297.91 297.52 298.48
296.91 298.07 295.83
298.05 294.02 286.75
297.99 295.38 296.77
297.98 292.10 296.16
290.50 292.20 298.45
296.98 296.25 298.43
296.97 284.18 298.38
293.25 280.11 298.37
297.90 291.54 288.34
297.88 288.89 284.61
295.67 288.58 298.35
296.24 297.95 289.12
297.82 296.07 288.27
297.76 283.66 289.45
289.12 297.90 294.17
289.02 292.80 298.33
297.72 294.61 288.16
295.47 297.83 295.49
289.70 297.76 292.29
295.28 291.28 298.31
297.69 296.36 294.85
291.25 297.75 294.75
297.68 296.35 297.90
297.53 297.70 295.36
297.66 279.64 285.95
280.65 290.35 298.30
287.50 297.69 280.28
289.14 293.01 298.27
280.03 291.35 298.23
297.63 292.04 295.62
294.94 297.66 294.62
297.61 296.13 297.65
294.44 293.86 298.22
297.60 289.81 297.66
297.58 294.79 291.87
294.39 297.63 295.07
297.51 285.55 295.53
291.94 296.08 298.21
283.80 297.62 295.60
297.50 293.06 295.15
294.04 297.60 292.09
293.93 297.57 297.13
292.82 297.56 291.95
287.54 291.46 298.20
297.20 294.88 298.19
297.49 292.86 293.95
297.46 292.05 298.00
292.57 297.53 296.02
284.16 297.51 291.69
291.53 292.47 298.14
297.45 291.22 293.92
297.40 293.39 281.64
297.38 288.63 292.68
293.53 297.48 296.10
288.37 297.46 290.50
297.33 294.68 290.53
297.30 290.41 280.30
297.29 296.64 295.68
292.45 297.40 297.38
297.24 295.14 297.46
292.92 297.24 297.47
297.22 290.06 291.67
291.06 284.46 298.12
293.50 297.21 291.20
297.19 282.31 283.96
295.21 297.20 296.79
297.18 296.53 295.76
289.24 281.21 298.08
297.10 291.00 285.31
296.02 295.56 298.07
288.60 279.94 297.95
288.31 292.66 297.92
293.71 297.17 296.97
292.14 297.00 275.57
297.09 293.99 292.45
292.32 296.97 282.88
291.67 296.93 296.29
297.06 294.99 296.17
290.59 296.91 281.41
296.99 294.34 295.79
289.91 296.87 290.77
290.62 295.23 297.88
296.94 290.32 293.51
296.30 296.86 297.68
296.87 292.08 290.75
296.86 293.73 289.74
289.66 291.84 297.85
296.85 296.81 297.61
289.13 296.84 294.28
296.81 286.99 293.79
293.83 290.65 297.79
291.27 296.79 282.65
290.30 291.19 297.72
293.86 296.78 288.65
295.87 296.68 293.22
294.13 296.67 293.62
296.78 289.50 294.26
289.74 296.63 287.65
296.70 294.73 291.37
296.62 294.04 293.48
292.39 296.61 289.50
293.33 284.38 297.71
294.26 296.58 296.99
286.46 296.55 291.91
290.19 296.54 285.58
296.51 290.28 292.26
279.82 296.52 283.75
296.50 285.86 289.47
292.26 293.15 297.63
296.46 291.74 288.43
295.26 296.51 290.23
293.58 296.50 294.74
294.31 294.25 297.59
286.14 290.24 297.55
293.57 296.48 294.46
287.39 288.95 297.48
296.43 294.75 282.94
296.33 282.69 293.33
296.29 289.04 288.82
292.21 292.26 297.44
295.48 291.81 297.43
286.12 296.46 289.07
292.11 289.57 297.40
293.40 291.60 297.37
296.23 293.11 290.81
293.80 296.45 293.91
291.66 279.75 297.35
294.82 279.14 297.30
288.90 293.19 297.28
296.15 295.30 281.46
293.77 286.64 297.15
293.64 296.43 296.35
296.13 289.45 285.53
293.85 296.41 296.47
296.06 293.59 291.21
296.05 293.70 284.85
284.06 296.38 289.82
294.64 296.32 294.69
295.97 291.98 288.25
295.96 285.80 292.64
295.95 295.68 294.02
295.94 278.60 292.69
295.84 290.12 292.50
294.96 287.38 297.11
295.83 293.72 290.19
295.71 286.51 293.14
294.80 296.05 297.05
295.64 276.38 279.03
295.63 286.16 283.60
288.51 293.77 297.02
290.99 282.20 296.98
284.57 296.24 287.71
283.31 287.52 296.95
291.62 296.23 292.71
285.99 296.22 295.85
295.59 288.96 291.64
295.55 291.10 284.52
295.54 295.75 295.94
291.56 296.21 293.90
295.51 286.42 287.64
274.36 296.16 282.04
295.49 294.42 295.66
293.60 296.14 295.95
293.51 296.10 283.83
291.70 283.71 296.83
286.38 283.64 296.64
290.08 296.06 292.95
295.43 295.74 289.16
295.41 280.48 295.30
295.39 293.10 283.27
293.19 293.36 296.62
295.38 295.34 290.86
287.20 296.00 286.74
293.38 295.92 294.71
289.26 295.89 291.96
295.33 295.33 287.31
292.63 295.87 291.26
281.14 295.85 294.14
295.32 293.64 285.55
294.00 295.82 293.97
295.27 291.33 294.87
292.50 295.77 287.12
295.25 291.24 286.26
295.23 295.61 294.09
285.19 295.36 296.45
281.76 288.78 296.42
292.09 278.44 296.37
293.88 295.59 293.89
281.72 295.57 282.70
293.70 293.50 296.30
295.19 280.90 289.87
295.18 288.10 294.37
278.68 295.55 294.67
284.80 295.54 291.55
295.15 288.42 287.60
293.39 289.55 296.26
295.13 285.83 291.97
294.74 295.47 288.04
293.97 295.45 288.47
292.66 295.40 293.98
295.08 288.85 287.57
292.24 290.66 296.15
288.97 294.14 296.13
295.06 291.59 292.27
292.99 295.29 279.74
289.27 292.27 296.04
294.36 294.37 295.99
285.69 295.27 289.58
294.79 295.21 290.88
295.04 290.29 294.89
282.43 295.11 287.41
291.82 295.08 291.72
294.99 289.19 283.97
294.92 288.15 295.98
287.96 279.57 295.91
280.37 292.21 295.86
293.59 291.49 295.82
290.38 273.85 295.80
288.04 284.88 295.78
294.95 292.13 288.22
294.89 290.93 293.69
282.79 288.38 295.71
291.55 291.92 295.63
294.83 282.51 292.41
294.77 282.29 280.12
282.56 291.55 295.59
294.76 279.69 287.10
291.13 294.97 290.15
293.00 294.96 292.30
289.86 294.95 291.44
294.75 293.41 285.60
294.68 285.45 292.62
294.65 279.59 291.24
289.55 294.91 287.89
291.23 294.89 289.08
294.32 291.65 289.86
294.30 293.13 292.61
291.46 294.86 291.53
288.21 294.81 278.59
288.41 289.63 295.51
288.26 293.27 295.48
290.73 293.65 295.46
294.29 286.59 293.17
288.27 286.80 295.41
278.02 294.76 291.92
284.79 294.67 278.99
280.92 294.55 289.49
294.17 294.50 283.51
288.73 294.46 291.62
287.74 294.45 288.94
294.28 292.30 292.31
294.24 291.38 289.20
271.09 294.43 286.32
286.37 292.19 295.38
291.07 294.41 286.12
294.19 292.82 293.66
292.78 292.99 295.34
289.29 294.36 279.94
294.16 292.89 295.10
282.68 294.33 289.71
290.91 294.32 280.11
294.15 273.96 277.61
294.11 274.16 288.79
292.53 294.29 284.67
291.38 294.27 289.57
293.18 294.24 293.44
289.84 294.19 291.07
289.44 294.11 288.14
273.61 294.10 281.21
290.04 294.09 291.85
293.81 294.00 295.32
289.65 293.26 295.31
291.05 294.05 293.27
294.10 283.87 287.87
280.61 288.33 295.27
286.80 289.83 295.23
288.86 294.01 292.08
294.01 287.33 284.79
293.98 287.53 295.08
293.91 290.26 281.93
284.41 293.97 291.45
293.90 287.64 286.93
291.14 293.93 292.21
293.89 288.09 294.77
293.87 288.02 285.92
264.84 293.92 284.73
293.65 289.03 281.85
279.60 285.42 295.20
290.18 277.58 295.00
273.53 293.88 289.00
293.54 292.12 290.28
293.52 291.77 294.00
287.76 288.68 294.92
290.12 293.75 273.35
293.47 289.14 289.15
279.52 281.19 294.90
283.48 293.71 285.63
281.00 280.87 294.84
291.74 293.95 293.12
293.45 275.48 285.01
293.41 282.83 283.57
289.51 280.81 294.83
293.31 290.25 287.02
276.00 293.67 290.09
279.44 293.66 281.52
285.34 289.09 294.80
287.98 291.08 294.70
287.13 293.60 273.32
291.22 291.75 294.68
290.01 293.58 292.35
286.51 291.53 294.61
284.83 293.56 290.97
293.21 281.55 289.46
284.30 293.52 292.11
293.20 282.64 282.08
278.64 293.51 290.69
290.72 287.73 294.58
292.95 288.53 294.51
272.20 285.14 294.43
293.12 292.61 286.56
280.95 293.48 279.22
276.76 278.88 294.38
285.83 282.75 294.27
279.79 285.43 294.22
287.25 293.43 288.54
293.11 289.78 288.63
293.10 290.11 289.17
291.33 284.71 294.15
293.09 280.78 291.11
280.44 285.92 294.06
293.01 282.18 289.38
283.04 293.40 292.40
292.91 287.93 278.12
289.48 293.34 293.06
292.85 282.07 291.51
282.28 278.17 294.05
286.18 289.22 294.03
286.09 274.12 293.82
292.77 280.02 288.60
286.71 291.20 293.77
289.69 289.72 293.68
289.80 293.04 293.65
292.75 289.43 291.14
292.74 288.66 288.01
292.12 293.28 292.72
292.70 292.44 289.53
287.22 293.21 285.37
289.01 293.17 280.65
292.67 280.64 288.53
292.61 288.92 289.35
285.96 293.12 288.42
285.70 293.09 281.95
292.60 292.78 292.44
292.58 291.97 292.73
292.55 287.02 278.67
292.51 293.08 291.12
292.52 289.53 286.45
291.12 290.38 293.60
285.50 293.00 291.04
280.43 292.94 282.28
291.65 280.13 293.59
292.42 282.86 284.35
292.00 292.93 293.53
281.61 282.77 293.54
289.32 277.32 293.47
292.38 284.55 280.04
280.17 273.88 293.40
288.16 291.51 293.35
282.40 289.93 293.34
279.41 292.91 287.45
291.93 265.94 293.28
292.34 269.13 283.71
292.30 281.02 283.59
292.20 283.74 287.53
274.64 292.79 284.08
277.91 284.33 293.26
281.78 292.72 284.98
292.19 292.65 285.24
289.75 292.64 286.25
281.28 271.62 293.25
292.17 291.13 291.06
292.10 281.78 288.90
291.87 287.81 293.19
289.60 292.63 291.32
282.90 292.57 287.77
284.47 292.50 277.87
290.66 289.64 293.18
283.01 292.42 284.90
291.98 289.41 288.10
291.97 279.01 288.35
291.92 269.33 272.46
290.79 291.94 293.15
288.52 289.94 293.04
291.24 287.26 292.77
286.32 292.40 287.80
291.86 287.16 290.26
290.68 292.39 287.11
287.29 292.34 284.09
291.73 292.33 274.89
289.11 292.32 284.00
270.47 280.26 292.74
278.88 282.16 292.54
288.99 288.29 292.52
285.84 286.40 292.38
283.37 292.00 286.30
290.74 288.36 292.28
288.47 291.95 283.46
291.85 273.36 288.17
284.70 291.90 289.85
274.62 291.89 286.00
270.86 285.66 292.22
291.80 290.17 288.28
288.07 288.17 292.18
291.77 290.02 283.56
289.76 291.88 289.41
276.81 291.70 282.21
287.24 291.66 291.54
291.71 284.48 289.89
291.68 283.89 278.24
291.63 277.59 280.34
287.36 286.63 292.02
281.79 276.96 292.01
291.61 284.86 285.73
280.22 291.52 273.85
291.58 274.51 280.44
291.50 285.60 290.03
291.49 285.04 285.83
291.47 279.97 289.59
284.94 291.43 281.79
283.70 282.02 291.94
291.39 288.47 275.62
290.98 290.36 291.84
291.34 287.08 290.42
291.21 286.38 281.82
291.19 285.47 283.93
291.18 284.80 291.03
291.11 283.30 280.58
282.04 281.56 291.82
291.10 282.44 287.39
291.08 283.44 283.41
288.68 291.34 288.72
290.65 278.91 291.77
280.13 291.23 286.99
285.61 284.69 291.75
291.04 282.93 284.96
291.02 285.02 282.47
286.47 291.16 288.00
291.01 288.48 281.53
289.82 288.08 291.74
286.58 291.09 287.95
290.96 278.13 284.82
290.85 268.36 277.41
290.60 290.81 291.43
285.09 281.57 291.65
283.30 278.73 291.63
275.84 291.05 281.86
290.53 289.98 290.48
286.89 290.37 291.56
277.35 291.01 290.05
282.19 290.97 288.06
290.52 276.39 285.94
290.45 287.23 288.98
281.39 290.95 272.25
290.43 283.51 276.10
288.46 288.61 291.48
289.62 287.90 291.41
290.37 271.05 284.28
281.92 290.82 290.13
274.27 279.89 291.40
290.34 289.60 288.70
290.27 290.78 289.04
290.24 287.57 283.06
290.23 280.67 287.61
287.69 285.94 291.35
285.74 283.88 291.31
289.98 287.79 291.30
290.22 286.22 290.99
278.93 288.06 291.28
284.82 288.79 291.27
275.68 281.25 291.25
277.21 290.76 283.16
290.20 286.37 291.18
285.86 289.29 291.13
290.14 283.95 279.00
273.16 290.60 291.05
276.44 290.58 285.35
259.93 276.19 290.90
278.27 290.48 283.70
285.31 290.44 287.78
282.94 289.87 290.89
290.10 288.90 277.30
290.07 288.21 286.07
281.47 279.46 290.84
286.91 290.34 277.93
288.10 288.24 290.83
279.21 286.30 290.76
290.03 278.51 287.96
286.87 290.27 278.95
289.90 284.20 287.99
289.88 283.35 273.12
280.36 290.22 290.04
284.22 282.53 290.73
289.78 279.80 282.18
283.82 290.19 279.18
289.68 269.71 284.71
287.48 290.16 285.67
284.64 281.27 290.64
289.67 282.19 277.33
279.56 290.13 276.67
280.02 290.09 286.83
286.40 290.05 287.55
289.61 277.37 286.28
268.67 290.00 280.18
282.26 289.90 287.46
283.89 289.89 289.66
289.58 287.56 283.23
289.45 288.30 289.60
289.40 286.44 290.54
276.49 286.23 290.45
289.36 274.47 276.32
289.31 281.91 277.02
286.10 289.86 285.57
264.10 285.13 290.41
287.62 289.33 290.36
273.77 289.74 275.88
285.07 289.71 289.90
289.30 289.26 285.23
286.68 275.10 290.29
289.25 285.76 281.42
277.92 282.59 290.24
287.44 289.68 278.77
278.05 289.61 276.62
284.33 282.92 290.20
285.33 276.41 290.12
289.19 284.35 282.55
289.16 279.11 283.73
289.08 281.11 278.52
288.57 276.77 290.10
289.04 283.47 279.67
289.03 289.48 283.88
284.44 289.39 283.54
286.34 289.36 287.76
286.41 289.35 279.20
287.51 289.30 286.82
288.94 286.32 276.84
266.07 289.17 282.51
279.51 269.52 290.08
287.61 289.07 284.26
262.23 289.05 277.44
288.92 275.12 282.10
281.24 276.07 290.07
280.49 287.20 289.96
288.87 272.66 278.68
288.19 289.01 289.61
288.48 288.93 288.71
282.95 288.91 283.77
285.78 288.86 285.77
288.78 287.98 286.76
284.00 288.83 280.08
285.55 282.12 289.88
279.27 284.92 289.84
277.31 287.32 289.83
288.70 284.85 285.93
280.97 288.74 276.33
288.66 277.02 276.42
285.56 288.73 285.51
286.06 284.63 289.78
285.05 286.19 289.65
288.65 280.56 279.61
287.33 287.87 289.56
276.98 283.90 289.48
286.63 288.72 284.74
288.63 284.02 283.79
288.53 274.83 287.01
279.75 288.71 274.43
272.23 288.67 269.38
272.85 284.37 289.44
288.49 288.54 289.42
288.30 280.14 272.75
279.83 288.65 283.45
288.20 283.14 277.69
287.64 288.49 283.72
283.60 288.40 287.90
288.18 283.70 285.82
286.30 285.96 289.24
279.03 288.27 283.99
276.65 285.70 289.05
285.36 287.22 288.99
287.28 288.25 282.27
271.39 288.20 278.14
287.83 285.17 288.95
288.17 281.73 283.05
288.15 277.62 279.92
286.70 286.94 288.92
282.71 288.18 284.03
288.14 287.83 285.17
277.26 288.16 284.87
288.13 285.33 265.67
269.78 288.14 286.77
278.48 288.13 268.86
288.11 279.93 282.16
287.94 281.17 276.47
287.93 283.48 281.77
281.54 288.00 283.30
281.89 287.92 285.62
287.85 280.94 287.74
287.11 286.88 288.91
287.84 274.10 273.14
284.84 285.61 288.85
269.87 287.89 285.84
277.10 287.88 275.65
287.80 281.70 284.32
285.44 285.31 288.75
287.79 286.65 286.64
287.71 287.84 272.38
275.79 287.75 273.56
287.67 279.99 276.09
287.60 283.62 287.54
287.59 281.80 275.27
276.94 279.28 288.74
274.87 287.10 288.69
287.58 284.14 281.10
284.38 283.45 288.67
273.86 284.39 288.62
280.56 287.71 270.11
287.56 279.81 286.01
287.52 284.66 268.24
287.49 281.98 283.65
287.46 279.48 284.65
270.39 280.96 288.41
282.16 287.66 284.12
287.42 287.58 279.87
282.27 287.51 284.47
287.41 277.57 266.66
286.13 286.61 288.37
287.35 272.90 280.48
282.50 285.01 288.32
284.12 287.46 275.30
287.08 287.34 287.44
284.05 287.29 287.25
287.34 279.66 283.14
276.01 282.60 288.26
283.52 287.18 281.55
285.75 287.17 286.18
278.42 287.15 274.65
285.17 286.10 288.24
268.54 271.56 288.18
283.66 285.77 288.13
282.87 274.02 287.98
287.27 280.20 271.14
277.25 287.14 275.51
287.26 270.99 268.39
287.23 281.58 277.26
280.91 286.24 287.94
287.18 274.44 287.16
287.16 281.13 275.58
281.80 287.12 278.28
287.14 276.40 280.59
287.06 269.02 274.80
273.60 287.00 272.04
278.78 286.97 277.28
286.93 277.18 270.88
286.82 283.06 278.43
279.68 286.93 277.14
284.35 286.83 279.71
280.39 286.47 287.92
281.08 286.70 278.80
286.72 281.69 281.34
284.54 286.62 271.62
284.71 284.51 287.86
276.08 286.58 287.42
286.67 277.40 281.75
282.44 284.68 287.85
283.88 286.53 287.84
286.61 285.24 286.62
286.55 285.41 286.98
286.54 269.12 275.95
286.53 285.69 274.52
286.52 274.82 277.97
285.23 286.48 285.40
282.62 286.41 286.43
280.23 286.36 274.70
276.43 280.05 287.83
286.39 270.72 280.97
286.26 281.62 281.13
286.23 283.65 279.41
271.67 266.67 287.73
276.48 286.28 284.07
281.86 286.26 274.86
282.49 283.26 287.72
280.48 286.15 277.62
276.78 286.14 274.00
281.88 277.86 287.67
286.20 280.15 269.97
286.17 282.05 277.75
286.07 285.36 287.63
286.11 278.27 277.45
278.99 283.25 287.62
275.28 286.04 278.94
286.08 284.27 282.25
285.71 286.01 287.18
284.03 285.82 285.41
283.94 280.51 287.56
279.00 285.79 282.97
286.01 278.09 282.43
286.00 284.81 274.90
281.57 281.18 287.49
279.98 278.02 287.29
283.96 285.74 284.39
284.56 282.36 287.28
279.80 285.73 272.36
285.88 275.26 257.35
285.67 279.44 275.59
278.22 275.95 287.07
275.48 277.48 287.04
285.60 277.74 284.51
285.53 282.66 274.19
285.52 271.41 263.73
281.55 271.35 286.94
279.61 273.40 286.89
285.51 284.45 271.12
283.63 285.67 273.71
285.45 281.65 282.99
285.38 275.49 286.51
285.35 281.92 284.44
281.75 283.92 286.88
261.67 285.59 285.59
276.39 285.56 280.74
285.29 273.97 273.28
284.18 283.56 286.86
285.20 283.49 283.17
274.88 285.50 270.81
285.18 274.72 270.07
285.13 265.23 254.30
268.72 285.46 286.85
285.03 272.79 280.33
285.02 282.37 286.09
285.01 276.59 277.16
284.99 285.32 275.28
273.14 275.99 286.68
282.01 279.12 286.59
284.97 284.57 280.93
284.92 283.27 279.55
284.87 284.32 252.36
282.64 275.71 286.58
284.85 285.08 282.89
265.46 285.38 286.55
281.77 285.37 277.43
284.78 276.89 283.33
269.44 285.35 278.32
274.13 285.34 274.34
282.70 277.06 286.53
284.77 275.16 273.51
284.74 273.74 280.00
261.68 285.29 276.61
281.44 285.28 285.42
273.09 285.26 281.30
284.69 281.24 284.48
279.18 278.31 286.21
283.51 285.23 277.38
276.66 285.22 276.87
284.63 277.83 285.69
277.68 280.12 286.20
284.21 285.18 286.15
284.62 279.98 281.59
283.93 284.79 286.08
284.60 279.23 279.45
276.47 285.12 271.02
284.53 272.58 274.11
283.71 285.07 283.15
284.50 272.84 273.47
279.70 285.05 277.42
284.46 274.31 284.64
284.43 283.09 281.03
284.31 272.01 273.87
284.27 280.95 280.17
283.72 285.03 284.18
284.23 271.22 274.33
278.13 284.99 271.71
284.17 281.33 282.61
279.97 284.21 286.05
284.14 281.60 280.05
284.13 280.23 281.94
284.04 278.53 283.11
284.02 281.23 283.38
280.75 276.44 286.02
277.65 284.98 281.76
279.59 284.96 280.16
279.01 273.78 285.96
279.10 274.76 285.89
283.73 284.82 282.95
271.47 270.83 285.88
283.97 283.99 278.38
283.95 264.37 263.96
281.62 284.76 265.85
283.92 278.72 281.23
283.91 275.91 277.59
279.06 284.72 273.62
278.50 284.67 270.92
283.90 273.01 278.83
278.33 284.22 285.87
283.86 277.41 280.72
276.96 284.60 281.47
283.83 276.99 272.50
283.35 284.26 285.86
276.56 265.84 285.78
283.79 284.59 267.79
278.36 284.58 282.73
282.76 275.06 285.76
279.57 284.56 269.35
281.42 284.54 278.58
273.81 280.58 285.66
277.51 284.53 285.54
278.73 284.44 270.42
283.78 279.90 281.02
272.57 284.42 285.50
278.86 284.40 280.69
280.06 284.29 275.96
283.76 284.25 282.41
283.74 279.20 283.20
266.88 279.56 285.47
283.69 277.68 280.47
283.68 277.60 275.08
266.47 284.17 282.02
283.67 279.95 270.32
283.65 280.54 285.34
283.55 276.04 285.06
283.53 261.09 270.76
270.75 274.69 284.99
280.89 284.15 279.21
283.50 283.77 284.94
256.84 283.57 284.83
283.49 281.72 275.61
278.83 265.72 284.81
279.72 284.13 275.94
283.44 270.82 283.32
283.38 273.05 273.50
283.34 277.53 269.44
278.57 280.92 284.78
283.33 280.36 262.97
277.48 274.04 284.72
283.28 270.04 262.39
283.27 279.92 282.91
279.40 281.61 284.69
276.18 274.64 284.62
279.77 283.24 284.59
283.26 279.68 282.13
273.92 284.11 275.39
272.24 263.13 284.49
275.75 284.10 272.35
278.08 284.09 279.09
270.37 283.97 276.00
283.25 271.67 273.16
258.58 283.85 271.52
271.74 283.79 269.77
262.37 278.22 284.36
276.36 282.08 284.34
282.31 283.34 284.23
264.76 283.78 282.24
282.84 269.00 284.17
281.74 272.72 284.15
276.15 283.67 273.48
283.23 274.84 284.11
272.49 280.65 283.92
276.50 283.60 278.31
283.19 272.63 274.06
278.43 282.90 283.90
278.29 277.61 283.81
269.96 271.92 283.78
278.67 276.49 283.76
283.18 276.34 275.92
283.17 283.36 273.52
283.02 272.78 270.89
272.60 272.99 283.74
274.07 283.54 262.99
282.99 273.83 276.29
282.89 280.61 274.49
267.85 280.39 283.67
282.80 280.18 267.96
273.32 279.37 283.62
271.38 283.52 272.23
282.36 283.50 283.53
272.26 283.43 260.93
282.69 282.40 281.84
282.60 271.19 256.82
268.80 283.40 282.35
266.40 283.38 278.56
282.53 282.15 273.88
275.71 271.54 283.36
269.82 283.37 277.57
273.57 283.22 276.54
280.07 268.33 283.35
282.39 278.95 283.34
282.42 282.95 283.29
279.63 283.19 275.71
262.72 282.46 283.25
282.52 280.60 280.27
269.97 273.58 283.24
282.51 281.14 275.84
282.06 282.97 283.22
282.17 283.05 283.18
262.62 269.46 283.07
276.58 276.45 283.04
282.25 283.18 262.54
282.45 282.55 275.26
272.96 278.08 283.03
280.77 283.17 273.24
273.46 283.16 279.43
271.82 270.75 282.85
270.09 283.12 258.60
277.44 282.11 282.82
282.35 275.28 278.84
282.34 273.66 273.82
282.33 273.89 271.92
282.32 261.89 280.06
282.30 273.03 277.07
275.18 283.11 278.30
274.98 283.10 274.28
282.29 276.72 273.44
268.99 278.18 282.76
282.23 277.17 246.71
274.19 277.19 282.74
277.15 273.04 282.72
282.14 261.64 274.27
282.12 273.35 282.19
282.09 276.62 279.04
282.08 255.09 270.94
268.94 283.02 270.44
282.02 277.22 280.21
267.82 282.98 271.31
282.00 275.98 279.28
279.47 281.09 282.69
278.25 282.91 267.77
281.73 281.36 280.70
269.01 276.68 282.67
270.01 282.58 276.99
271.36 282.47 275.47
278.66 282.35 282.50
272.70 282.34 270.64
276.63 272.76 282.46
275.47 273.82 282.38
274.37 282.28 279.66
278.39 275.92 282.33
281.71 281.16 276.56
280.74 282.27 278.79
281.65 271.68 269.18
281.56 276.36 279.59
281.52 279.39 279.34
281.51 278.93 279.97
281.49 276.20 282.29
281.48 275.66 274.82
281.45 275.29 280.61
263.46 280.01 282.26
275.34 282.23 282.03
275.59 282.14 271.91
273.39 271.60 282.14
264.64 276.03 281.98
274.99 282.03 272.28
274.54 280.49 281.89
274.81 266.09 281.81
281.43 269.47 275.00
263.60 281.99 274.13
281.40 273.84 274.46
270.82 269.53 281.80
267.43 269.86 281.74
281.35 271.39 271.83
281.34 272.67 275.41
272.95 273.67 281.67
266.12 281.94 273.49
270.94 276.81 281.54
278.97 281.88 279.48
281.33 281.20 258.07
279.22 279.07 281.43
276.09 272.33 281.24
264.28 281.85 272.65
281.25 279.08 280.29
281.12 269.44 278.42
281.11 254.90 274.98
268.87 278.19 281.14
281.09 278.45 278.22
281.06 274.06 273.26
273.80 269.96 281.12
275.64 281.83 274.68
268.71 281.79 264.63
274.15 279.83 281.11
276.24 281.71 278.82
279.95 281.63 277.79
281.05 280.50 279.07
269.32 275.44 281.06
281.02 266.56 276.52
277.71 281.59 278.90
275.69 281.52 266.90
272.40 269.27 281.05
274.68 272.20 280.91
278.04 277.91 280.86
273.45 281.38 270.16
271.93 281.35 268.70
280.85 260.22 271.08
280.84 271.40 280.10
276.16 281.34 268.84
280.82 279.05 277.04
271.70 276.63 280.83
276.37 281.31 275.78
278.49 281.28 280.77
261.58 281.10 258.67
278.60 281.01 275.81
280.81 268.39 268.17
270.84 266.72 280.75
280.79 280.72 278.08
270.15 280.57 276.31
280.76 276.43 280.13
280.72 275.17 254.93
280.66 274.55 278.93
267.45 271.53 280.73
280.63 268.17 276.68
280.52 273.10 252.33
277.72 280.52 279.30
280.50 271.29 274.10
280.42 276.08 279.63
277.78 260.21 280.68
280.41 276.56 278.53
280.35 271.07 278.16
269.74 280.40 269.99
280.30 277.63 276.06
270.58 272.44 280.57
280.27 280.35 273.33
277.17 280.24 279.02
280.24 263.48 276.21
276.88 261.07 280.54
253.69 280.22 267.07
277.97 280.16 271.61
280.16 278.71 269.90
270.78 279.91 280.50
280.08 265.40 274.25
264.47 275.18 280.49
280.04 274.01 266.20
279.93 272.98 264.50
278.82 269.69 280.45
273.42 279.85 256.31
273.20 266.82 280.43
266.55 271.77 280.42
275.27 279.84 264.40
279.89 267.72 267.55
268.60 279.22 280.37
279.88 279.41 268.67
272.38 279.72 274.29
279.85 274.92 275.22
266.81 279.67 272.94
272.69 279.58 274.84
279.76 264.34 267.18
261.44 279.54 268.64
279.74 262.39 262.23
259.28 279.51 265.98
277.67 274.00 280.23
269.12 270.05 280.09
279.73 273.52 275.21
273.21 275.58 280.01
278.95 279.43 278.50
279.71 273.86 275.43
258.04 272.49 279.98
279.65 269.82 276.51
275.11 279.18 279.95
279.39 278.37 279.86
279.58 265.49 277.82
279.53 279.40 276.73
275.60 279.38 273.38
264.83 279.32 276.05
279.45 272.43 249.83
279.42 278.23 273.80
269.10 268.08 279.85
279.38 266.64 267.47
261.74 269.09 279.78
265.84 275.89 279.77
279.15 279.29 278.40
270.71 279.27 271.36
279.37 265.91 276.38
271.43 254.82 279.52
275.85 279.19 258.75
276.41 276.17 279.46
279.32 278.67 274.30
275.88 279.16 272.06
279.26 269.92 277.35
279.24 275.72 278.72
279.19 274.81 277.46
263.89 271.16 279.38
279.13 267.88 279.36
279.17 278.40 276.17
266.44 270.85 279.33
274.43 279.09 276.96
271.17 278.85 279.31
271.25 273.49 279.27
279.11 270.42 277.22
279.04 276.75 279.26
266.75 278.81 272.12
274.72 276.12 279.24
246.13 278.70 271.75
273.59 278.69 262.90
267.83 264.93 279.17
278.19 278.57 277.56
279.02 267.11 245.68
274.79 278.54 267.72
278.24 278.50 269.68
255.58 278.39 261.70
273.66 277.64 279.13
278.92 275.36 257.65
270.16 272.87 279.12
272.80 278.36 279.11
278.85 270.23 268.96
267.21 274.56 279.08
278.80 274.29 248.57
267.33 278.34 279.05
272.88 275.50 278.98
265.98 276.82 278.92
271.60 273.94 278.88
278.26 278.33 251.42
264.69 278.32 272.76
266.41 278.29 266.49
274.24 278.16 276.89
266.49 278.10 267.89
278.77 270.51 259.90
270.62 278.05 268.56
265.36 278.03 277.03
278.70 267.63 269.89
270.69 271.20 278.87
267.16 260.28 278.86
264.48 278.01 255.35
275.91 276.85 278.75
278.69 269.17 274.53
278.62 275.40 273.60
278.61 277.08 273.17
278.55 262.79 262.91
278.32 277.99 277.27
275.35 262.28 278.71
278.54 271.87 278.66
271.55 262.09 278.60
261.05 277.90 265.41
268.51 277.89 271.64
273.74 277.88 277.66
278.38 273.39 278.55
267.63 277.84 269.20
277.09 276.29 278.57
278.35 277.09 272.63
278.34 276.15 259.79
278.30 271.74 276.80
278.28 268.63 274.69
268.83 277.81 278.54
277.93 250.76 278.51
273.73 273.53 278.34
278.15 271.89 276.24
278.14 262.22 260.22
278.10 266.59 267.94
275.06 277.76 274.59
278.06 247.66 272.32
278.03 271.24 277.00
271.98 277.75 266.57
267.74 277.73 263.66
275.73 259.27 278.29
277.98 246.92 269.43
276.84 277.72 277.11
277.94 277.70 276.70
277.89 269.79 275.69
272.83 277.67 265.08
268.61 275.86 278.21
252.12 267.22 278.03
277.87 261.31 270.74
270.96 277.65 272.72
277.86 268.80 277.25
250.79 277.56 262.47
245.12 267.06 277.98
275.19 275.41 277.96
269.71 277.55 263.41
275.09 264.29 277.88
277.81 272.30 268.72
270.91 267.57 277.83
273.02 277.46 261.09
275.57 261.19 277.78
277.75 274.13 277.29
277.69 267.61 273.94
263.64 277.35 270.61
277.61 272.81 272.31
277.46 265.07 272.86
271.75 277.28 264.29
277.43 274.30 248.33
277.42 270.48 260.43
269.67 276.31 277.72
277.38 264.83 271.67
277.19 275.04 276.83
266.69 277.24 269.62
274.02 277.21 267.12
272.09 272.88 277.67
261.88 277.15 268.02
277.12 265.50 266.15
277.03 263.77 266.69
272.90 264.12 277.60
277.01 277.05 271.33
265.32 273.38 277.51
276.89 268.15 247.68
268.17 277.04 259.56
275.13 277.03 274.09
276.40 276.98 267.54
271.41 263.71 277.39
276.87 265.82 255.99
276.85 271.48 268.37
266.09 275.54 277.34
258.62 261.95 277.31
275.22 266.66 277.24
276.80 270.37 269.63
276.75 275.83 264.71
272.76 276.88 274.31
269.76 262.31 277.19
269.22 276.79 270.86
276.74 272.95 271.86
260.92 276.78 274.02
270.03 276.74 270.12
276.62 263.56 277.12
265.80 276.60 274.21
259.47 273.23 277.10
266.72 262.04 276.91
256.61 269.63 276.86
274.91 263.58 276.81
276.60 273.79 269.69
276.30 274.52 276.78
268.97 269.04 276.75
276.59 275.09 273.37
276.03 275.42 276.74
266.24 276.57 259.12
276.57 274.49 275.75
276.54 266.99 271.82
276.53 267.45 270.27
276.46 272.46 275.91
267.35 276.51 227.61
268.00 276.46 268.94
273.99 276.37 276.36
260.83 276.30 256.85
276.42 271.99 275.34
258.40 276.23 259.37
261.96 276.22 271.22
265.62 276.18 274.17
270.35 258.08 276.71
276.34 268.98 262.96
265.50 270.47 276.65
276.33 274.17 268.14
276.28 268.49 262.43
276.25 256.66 267.11
276.22 275.11 246.75
276.07 276.06 276.57
264.05 267.74 276.53
272.12 276.16 271.04
276.21 273.99 275.99
276.19 268.14 264.37
268.13 270.07 276.49
276.13 271.33 258.79
276.10 272.25 267.24
264.71 267.08 276.48
259.56 276.09 273.90
249.09 276.02 249.39
272.78 276.01 273.93
271.40 275.88 253.35
276.06 274.68 227.34
274.18 275.82 266.50
276.02 266.98 273.83
264.96 275.81 255.47
275.99 256.21 250.61
254.25 264.22 276.46
270.77 275.79 263.33
270.25 275.75 262.38
255.82 275.74 268.77
275.87 259.31 265.35
275.82 272.71 275.36
272.11 275.70 268.33
264.93 275.65 272.51
256.75 270.73 276.40
272.66 263.36 276.35
275.78 247.07 268.76
275.74 259.98 253.36
274.45 275.61 272.17
263.47 275.47 254.72
273.71 271.98 276.28
266.02 257.23 276.25
275.65 271.95 271.16
266.10 266.39 276.20
252.63 275.32 272.10
275.55 269.84 258.35
263.72 271.96 276.14
275.54 266.15 272.05
263.93 275.24 252.48
273.30 254.20 276.12
275.45 272.65 273.97
275.38 265.67 276.07
270.61 261.27 276.08
275.36 266.17 267.60
272.13 267.69 276.03
275.33 274.95 273.41
260.89 275.21 273.81
273.04 275.15 275.44
275.26 266.36 269.28
270.92 272.51 276.02
